<?xml version="1.0" encoding="UTF-8" ?>
<testsuite tests="9" failures="0" name="model.CoordinatesTest" time="0" errors="0" skipped="0">
  <properties>
[...]
</properties>
  <testcase classname="model.CoordinatesTest" name="testEquals1" time="0"/>
  <testcase classname="model.CoordinatesTest" name="testReset" time="0"/>
  <testcase classname="model.CoordinatesTest" name="testGetX" time="0"/>
  <testcase classname="model.CoordinatesTest" name="testGetY" time="0"/>
  <testcase classname="model.CoordinatesTest" name="testSetX" time="0"/>
  <testcase classname="model.CoordinatesTest" name="testSetY" time="0"/>
  <testcase classname="model.CoordinatesTest" name="testToString" time="0"/>
  <testcase classname="model.CoordinatesTest" name="testEquals" time="0"/>
  <testcase classname="model.CoordinatesTest" name="testReset1" time="0"/>
</testsuite>