<?xml version="1.0" encoding="UTF-8" ?>
<testsuite tests="40" failures="0" name="model.GamePlayersTest" time="0" errors="0" skipped="0">
  <properties>
[...]
</properties>
  <testcase classname="model.GamePlayersTest" name="testGenerateRandomYCoordinate" time="0"/>
  <testcase classname="model.GamePlayersTest" name="testGetField" time="0"/>
  <testcase classname="model.GamePlayersTest" name="testGetName2" time="0"/>
  <testcase classname="model.GamePlayersTest" name="testGetName5" time="0"/>
  <testcase classname="model.GamePlayersTest" name="testGetName6" time="0"/>
  <testcase classname="model.GamePlayersTest" name="testGetScore" time="0"/>
  <testcase classname="model.GamePlayersTest" name="testResetScore2" time="0"/>
  <testcase classname="model.GamePlayersTest" name="testResetScore3" time="0"/>
  <testcase classname="model.GamePlayersTest" name="testResetScore4" time="0"/>
  <testcase classname="model.GamePlayersTest" name="testResetScore5" time="0"/>
  <testcase classname="model.GamePlayersTest" name="testGetSymbol2" time="0"/>
  <testcase classname="model.GamePlayersTest" name="testGetSymbol3" time="0"/>
  <testcase classname="model.GamePlayersTest" name="testGamePlayers" time="0"/>
  <testcase classname="model.GamePlayersTest" name="testIncreaseScore2" time="0"/>
  <testcase classname="model.GamePlayersTest" name="testIncreaseScore3" time="0"/>
  <testcase classname="model.GamePlayersTest" name="testDecreaseAndIncreaseScore" time="0"/>
  <testcase classname="model.GamePlayersTest" name="testgenerateRandomXCoordinateForSecondAI" time="0"/>
  <testcase classname="model.GamePlayersTest" name="testGetName" time="0"/>
  <testcase classname="model.GamePlayersTest" name="testGetPlayer2" time="0"/>
  <testcase classname="model.GamePlayersTest" name="testDecreaseScore2" time="0"/>
  <testcase classname="model.GamePlayersTest" name="testGenerateRandomXCoordinate" time="0"/>
  <testcase classname="model.GamePlayersTest" name="setScore2" time="0"/>
  <testcase classname="model.GamePlayersTest" name="setScore3" time="0"/>
  <testcase classname="model.GamePlayersTest" name="testGenerateRandomXCoordinateForSecondPlayer" time="0"/>
  <testcase classname="model.GamePlayersTest" name="testGenerateRandomYCoordinateForSecondPlayer" time="0"/>
  <testcase classname="model.GamePlayersTest" name="testIncreaseScore" time="0"/>
  <testcase classname="model.GamePlayersTest" name="testSetSymbol" time="0"/>
  <testcase classname="model.GamePlayersTest" name="testGetPlayer" time="0"/>
  <testcase classname="model.GamePlayersTest" name="testDecreaseScore" time="0"/>
  <testcase classname="model.GamePlayersTest" name="setName2" time="0"/>
  <testcase classname="model.GamePlayersTest" name="setScore" time="0"/>
  <testcase classname="model.GamePlayersTest" name="testGetScore2" time="0"/>
  <testcase classname="model.GamePlayersTest" name="testGetScore3" time="0"/>
  <testcase classname="model.GamePlayersTest" name="testGetSymbol" time="0"/>
  <testcase classname="model.GamePlayersTest" name="testIsAlive" time="0"/>
  <testcase classname="model.GamePlayersTest" name="testgenerateRandomYCoordinateForSecondAI" time="0"/>
  <testcase classname="model.GamePlayersTest" name="testResetScore" time="0"/>
  <testcase classname="model.GamePlayersTest" name="setName" time="0"/>
  <testcase classname="model.GamePlayersTest" name="testDecreaseAndIncreaseScore2" time="0"/>
  <testcase classname="model.GamePlayersTest" name="testDecreaseAndIncreaseScore3" time="0"/>
</testsuite>