<?xml version="1.0" encoding="UTF-8" standalone="yes"?><!DOCTYPE report PUBLIC "-//JACOCO//DTD Report 1.1//EN" "report.dtd"><report name="project"><sessioninfo id="Kelvins-MBP.usi.ch-9c0c6c3e" start="1652296574007" dump="1652296574400"/><sessioninfo id="Kelvins-MBP-cb2f310e" start="1652394949136" dump="1652394949733"/><sessioninfo id="Kelvins-MBP-74d05956" start="1652395213316" dump="1652395213834"/><sessioninfo id="Kelvins-MBP-762a4498" start="1652395538156" dump="1652395538694"/><sessioninfo id="Kelvins-MBP-897414bf" start="1652395880074" dump="1652395880658"/><sessioninfo id="Kelvins-MBP-e244b188" start="1652396046840" dump="1652396047357"/><sessioninfo id="Kelvins-MBP-108d4be8" start="1652396163887" dump="1652396164382"/><sessioninfo id="Kelvins-MBP-6fb2a176" start="1652396459082" dump="1652396460763"/><sessioninfo id="Kelvins-MBP-a789c21b" start="1652396765361" dump="1652396765995"/><sessioninfo id="Kelvins-MBP-86f38ffe" start="1652396827252" dump="1652396827806"/><sessioninfo id="Kelvins-MBP-859f506d" start="1652396937483" dump="1652396938112"/><sessioninfo id="Kelvins-MBP-f0cb95ea" start="1652396989473" dump="1652396990069"/><sessioninfo id="Kelvins-MBP-dcdaea86" start="1652397114560" dump="1652397115047"/><sessioninfo id="Kelvins-MBP-36e4b778" start="1652397247179" dump="1652397247845"/><sessioninfo id="Kelvins-MBP-6c4f41b3" start="1652397496416" dump="1652397496894"/><sessioninfo id="Kelvins-MBP-e3b42242" start="1652397628257" dump="1652397628707"/><sessioninfo id="Kelvins-MBP-8fae2e09" start="1652397690372" dump="1652397690904"/><sessioninfo id="Kelvins-MBP-615f4ac5" start="1652397751409" dump="1652397752116"/><sessioninfo id="Kelvins-MBP.usi.ch-a72b90ea" start="1652426250990" dump="1652426251361"/><sessioninfo id="Kelvins-MBP.usi.ch-4575abb8" start="1652426660697" dump="1652426661115"/><sessioninfo id="Kelvins-MBP.usi.ch-7a9b40e0" start="1652426813725" dump="1652426814209"/><sessioninfo id="Kelvins-MBP.usi.ch-6c9cee4f" start="1652427156492" dump="1652427156889"/><sessioninfo id="Kelvins-MBP.usi.ch-191d7685" start="1652427323937" dump="1652427324353"/><sessioninfo id="Kelvins-MBP.usi.ch-306e9d6d" start="1652427467857" dump="1652427468318"/><sessioninfo id="Kelvins-MBP.usi.ch-73c0c228" start="1652427650828" dump="1652427651169"/><sessioninfo id="Kelvins-MBP.usi.ch-65b72ac3" start="1652427722808" dump="1652427723161"/><sessioninfo id="Kelvins-MBP.usi.ch-4a5421ec" start="1652427768609" dump="1652427768962"/><sessioninfo id="Kelvins-MBP.usi.ch-fb3aa151" start="1652427957144" dump="1652427957533"/><sessioninfo id="Kelvins-MBP.usi.ch-ba5592ac" start="1652428357227" dump="1652428357566"/><sessioninfo id="Kelvins-MBP.usi.ch-37f190d6" start="1652428488524" dump="1652428488872"/><sessioninfo id="Kelvins-MBP.usi.ch-d94a68e5" start="1652428610821" dump="1652428611182"/><sessioninfo id="Kelvins-MBP.usi.ch-d5292f00" start="1652428685586" dump="1652428685966"/><sessioninfo id="Kelvins-MBP.usi.ch-de19465e" start="1652429153413" dump="1652429153797"/><sessioninfo id="Kelvins-MBP.usi.ch-aee32a21" start="1652429232417" dump="1652429232746"/><sessioninfo id="Kelvins-MBP.usi.ch-d552580" start="1652429322645" dump="1652429322975"/><sessioninfo id="Kelvins-MBP.usi.ch-be937b99" start="1652429436627" dump="1652429436951"/><sessioninfo id="Kelvins-MBP.usi.ch-76cf1d26" start="1652429521603" dump="1652429521957"/><sessioninfo id="Kelvins-MBP.usi.ch-c3e177a4" start="1652431782184" dump="1652431782575"/><sessioninfo id="Kelvins-MacBook-Pro.local-a6213db1" start="1652516688408" dump="1652516693785"/><sessioninfo id="Kelvins-MacBook-Pro.local-32a568b0" start="1652517224870" dump="1652517230365"/><sessioninfo id="Kelvins-MacBook-Pro.local-9522c391" start="1652517439057" dump="1652517444790"/><sessioninfo id="Kelvins-MacBook-Pro.local-a4adaf3c" start="1652517561829" dump="1652517567242"/><sessioninfo id="Kelvins-MacBook-Pro.local-ebe974be" start="1652517677398" dump="1652517682879"/><sessioninfo id="Kelvins-MacBook-Pro.local-183e7b78" start="1652517710320" dump="1652517715754"/><sessioninfo id="Kelvins-MacBook-Pro.local-24c0127f" start="1652517823222" dump="1652517828901"/><sessioninfo id="Kelvins-MacBook-Pro.local-929c4b0" start="1652517946784" dump="1652517952161"/><sessioninfo id="Kelvins-MacBook-Pro.local-f04e4505" start="1652518162985" dump="1652518168333"/><sessioninfo id="Kelvins-MacBook-Pro.local-ee457cae" start="1652518224888" dump="1652518230262"/><sessioninfo id="Kelvins-MacBook-Pro.local-93a8383a" start="1652518529004" dump="1652518534377"/><sessioninfo id="Kelvins-MacBook-Pro.local-9901db85" start="1652518912730" dump="1652518918085"/><sessioninfo id="Kelvins-MacBook-Pro.local-1def75b7" start="1652519458040" dump="1652519463397"/><sessioninfo id="Kelvins-MacBook-Pro.local-bcd34204" start="1652519552616" dump="1652519557969"/><sessioninfo id="Kelvins-MacBook-Pro.local-81d6b275" start="1652519715223" dump="1652519720577"/><sessioninfo id="Kelvins-MacBook-Pro.local-3404fb09" start="1652519737197" dump="1652519742531"/><sessioninfo id="Kelvins-MacBook-Pro.local-8e2ec707" start="1652519827892" dump="1652519833213"/><sessioninfo id="Kelvins-MacBook-Pro.local-7f66bfbb" start="1652520137860" dump="1652520143201"/><sessioninfo id="Kelvins-MacBook-Pro.local-290d6ffa" start="1652520409663" dump="1652520415034"/><sessioninfo id="Kelvins-MacBook-Pro.local-2d3e12c6" start="1652520617632" dump="1652520622961"/><sessioninfo id="Kelvins-MacBook-Pro.local-6648242d" start="1652520665201" dump="1652520670550"/><sessioninfo id="Kelvins-MacBook-Pro.local-b1037b9a" start="1652520807265" dump="1652520812648"/><sessioninfo id="Kelvins-MacBook-Pro.local-8ec6966a" start="1652521172679" dump="1652521177999"/><sessioninfo id="Kelvins-MacBook-Pro.local-dc7ebff5" start="1652521287022" dump="1652521292410"/><sessioninfo id="Kelvins-MacBook-Pro.local-1fbb410" start="1652521439763" dump="1652521445157"/><sessioninfo id="Kelvins-MacBook-Pro.local-31ba3f0a" start="1652521536156" dump="1652521541611"/><sessioninfo id="Kelvins-MacBook-Pro.local-358a87a9" start="1652521627823" dump="1652521633164"/><sessioninfo id="Kelvins-MacBook-Pro.local-13957b8b" start="1652521780524" dump="1652521785869"/><sessioninfo id="Kelvins-MacBook-Pro.local-4546bb41" start="1652522057785" dump="1652522063094"/><sessioninfo id="Kelvins-MacBook-Pro.local-d73b45e2" start="1652522134378" dump="1652522139713"/><sessioninfo id="Kelvins-MacBook-Pro.local-e2229c8b" start="1652522201784" dump="1652522207103"/><sessioninfo id="Kelvins-MBP.usi.ch-c7b41d15" start="1652525103677" dump="1652525104324"/><sessioninfo id="Kelvins-MBP-ae2c15db" start="1653003960955" dump="1653003961495"/><sessioninfo id="Kelvins-MBP.usi.ch-7f8701b6" start="1653032722554" dump="1653032723066"/><sessioninfo id="Kelvins-MBP.usi.ch-c73bb70c" start="1653033859346" dump="1653033859851"/><sessioninfo id="Kelvins-MBP.usi.ch-829dee39" start="1653038910418" dump="1653038910916"/><sessioninfo id="Kelvins-MacBook-Pro.local-1e29a199" start="1653065462829" dump="1653065468968"/><sessioninfo id="Kelvins-MacBook-Pro.local-55fda00d" start="1653066064754" dump="1653066065229"/><sessioninfo id="Kelvins-MacBook-Pro.local-963cf0ef" start="1653121188302" dump="1653121193721"/><sessioninfo id="Kelvins-MBP.usi.ch-7a0aea85" start="1653418906099" dump="1653418906538"/><sessioninfo id="Kelvins-MBP.usi.ch-6fdd9476" start="1653637838359" dump="1653637838889"/><sessioninfo id="Kelvins-MBP.usi.ch-e2f4039f" start="1653637886068" dump="1653637886648"/><sessioninfo id="Kelvins-MBP.usi.ch-b61bb63" start="1653756804975" dump="1653756805462"/><sessioninfo id="Kelvins-MBP.usi.ch-863c0a86" start="1653765412161" dump="1653765436707"/><sessioninfo id="Kelvins-MBP.usi.ch-c7f86422" start="1653765442990" dump="1653765447592"/><sessioninfo id="Kelvins-MBP.usi.ch-cdd64006" start="1653765463263" dump="1653765463746"/><sessioninfo id="Kelvins-MBP.usi.ch-4abc9398" start="1653765742620" dump="1653765743110"/><sessioninfo id="Kelvins-MBP.usi.ch-ed47c71e" start="1653765861424" dump="1653765862089"/><sessioninfo id="Kelvins-MBP.usi.ch-e3ceb094" start="1653766207321" dump="1653766207770"/><sessioninfo id="Kelvins-MBP.usi.ch-ed802050" start="1653766356725" dump="1653766357137"/><sessioninfo id="Kelvins-MBP.usi.ch-87f38162" start="1653766366365" dump="1653766366759"/><sessioninfo id="Kelvins-MBP.usi.ch-644bdd92" start="1653766387669" dump="1653766388044"/><sessioninfo id="Kelvins-MBP.usi.ch-14c5f514" start="1653806490720" dump="1653806491189"/><sessioninfo id="Kelvins-MBP.usi.ch-73b63c62" start="1653806897705" dump="1653806898293"/><sessioninfo id="Kelvins-MBP.usi.ch-c6ea0590" start="1653807953730" dump="1653807954223"/><sessioninfo id="Kelvins-MBP.usi.ch-6cfabf89" start="1653808371657" dump="1653808372154"/><sessioninfo id="Kelvins-MBP.usi.ch-c896cb83" start="1653808690475" dump="1653808690894"/><sessioninfo id="Kelvins-MBP.usi.ch-c45fce2c" start="1653809905825" dump="1653809906235"/><sessioninfo id="Kelvins-MBP.usi.ch-486265d6" start="1653810457008" dump="1653810457479"/><sessioninfo id="Kelvins-MBP.usi.ch-89a17175" start="1653810748747" dump="1653810749199"/><sessioninfo id="Kelvins-MBP.usi.ch-515381b6" start="1653811079778" dump="1653811080332"/><sessioninfo id="Kelvins-MBP.usi.ch-73be5696" start="1653811620435" dump="1653811620888"/><sessioninfo id="Kelvins-MBP.usi.ch-67596431" start="1653811704916" dump="1653811705356"/><sessioninfo id="Kelvins-MBP.usi.ch-807ac3d0" start="1653816844746" dump="1653816845251"/><sessioninfo id="Kelvins-MBP.usi.ch-1d2014fa" start="1653824321773" dump="1653824322191"/><sessioninfo id="Kelvins-MBP.usi.ch-d348d578" start="1653824588719" dump="1653824589129"/><sessioninfo id="Kelvins-MBP.usi.ch-d8eddbd8" start="1653827475835" dump="1653827476308"/><sessioninfo id="Kelvins-MBP.usi.ch-2c7daf8f" start="1653827556691" dump="1653827557148"/><sessioninfo id="Kelvins-MBP.usi.ch-184ac17a" start="1653827629296" dump="1653827629711"/><sessioninfo id="Kelvins-MBP.usi.ch-84f73de1" start="1653827756945" dump="1653827757350"/><sessioninfo id="Kelvins-MBP.usi.ch-6727038c" start="1653827810012" dump="1653827810468"/><sessioninfo id="Kelvins-MBP.usi.ch-15565e62" start="1653827921485" dump="1653827921900"/><sessioninfo id="Kelvins-MBP.usi.ch-1fd5e393" start="1653828062199" dump="1653828062615"/><sessioninfo id="Kelvins-MBP.usi.ch-ecbeea7c" start="1653828263219" dump="1653828263656"/><sessioninfo id="Kelvins-MBP.usi.ch-c84eb7b4" start="1653828403983" dump="1653828404451"/><sessioninfo id="Kelvins-MBP.usi.ch-aa4f3d36" start="1653828575268" dump="1653828575735"/><sessioninfo id="Kelvins-MBP.usi.ch-22fcade4" start="1653829161210" dump="1653829161646"/><sessioninfo id="Kelvins-MBP.usi.ch-a0a48e61" start="1653829563698" dump="1653829564172"/><sessioninfo id="Kelvins-MBP.usi.ch-60a60f9e" start="1653829683830" dump="1653829684274"/><sessioninfo id="Kelvins-MBP.usi.ch-76f3ca12" start="1653829764490" dump="1653829764861"/><sessioninfo id="Kelvins-MBP.usi.ch-aba2e659" start="1653829874199" dump="1653829874668"/><sessioninfo id="Kelvins-MBP.usi.ch-b343fcaa" start="1653829994639" dump="1653829995043"/><sessioninfo id="Kelvins-MBP.usi.ch-1562866" start="1653830075927" dump="1653830076358"/><sessioninfo id="Kelvins-MBP.usi.ch-7d6e8b87" start="1653830231154" dump="1653830231662"/><sessioninfo id="Kelvins-MBP.usi.ch-3ffdadd4" start="1653830312138" dump="1653830312538"/><sessioninfo id="Kelvins-MBP.usi.ch-f462e3ca" start="1653830399741" dump="1653830400154"/><sessioninfo id="Kelvins-MBP.usi.ch-be3d58cd" start="1653830447375" dump="1653830447781"/><sessioninfo id="Kelvins-MBP.usi.ch-69efd637" start="1653830496047" dump="1653830496429"/><sessioninfo id="Kelvins-MBP.usi.ch-ccc32313" start="1653830607838" dump="1653830608275"/><sessioninfo id="Kelvins-MBP.usi.ch-c0e6fd7" start="1653831108775" dump="1653831109182"/><sessioninfo id="Kelvins-MBP.usi.ch-ea6dc2ac" start="1653831208077" dump="1653831208438"/><sessioninfo id="Kelvins-MBP.usi.ch-fc5e8d7c" start="1653831289678" dump="1653831290063"/><sessioninfo id="Kelvins-MBP.usi.ch-40caa4af" start="1653831523076" dump="1653831523480"/><sessioninfo id="Kelvins-MBP.usi.ch-d6874667" start="1653831576984" dump="1653831577346"/><sessioninfo id="Kelvins-MBP.usi.ch-28f8ad29" start="1653831790358" dump="1653831790762"/><sessioninfo id="Kelvins-MBP.usi.ch-b0f3fb89" start="1653832102932" dump="1653832103506"/><sessioninfo id="Kelvins-MBP.usi.ch-c1d0f0eb" start="1653832591854" dump="1653832592279"/><sessioninfo id="Kelvins-MBP.usi.ch-ea645344" start="1653832816419" dump="1653832816828"/><sessioninfo id="Kelvins-MBP.usi.ch-79d98366" start="1653832961534" dump="1653832961961"/><sessioninfo id="Kelvins-MBP.usi.ch-ca2f0635" start="1653833185622" dump="1653833186048"/><sessioninfo id="Kelvins-MBP.usi.ch-7d16e878" start="1653833687742" dump="1653833688134"/><sessioninfo id="Kelvins-MBP.usi.ch-e9b49a48" start="1653833912229" dump="1653833912645"/><sessioninfo id="Kelvins-MBP.usi.ch-e7fdf89b" start="1653833979479" dump="1653833979847"/><sessioninfo id="Kelvins-MBP.usi.ch-d56d2266" start="1653834146744" dump="1653834147138"/><sessioninfo id="Kelvins-MBP.usi.ch-26d3e8d" start="1653834267804" dump="1653834268222"/><sessioninfo id="Kelvins-MBP.usi.ch-e44659c1" start="1653834749161" dump="1653834749571"/><sessioninfo id="Kelvins-MBP.usi.ch-1dded944" start="1653834954997" dump="1653834955372"/><sessioninfo id="Kelvins-MBP.usi.ch-361207ae" start="1653835287354" dump="1653835287909"/><sessioninfo id="Kelvins-MBP.usi.ch-cf9485dc" start="1653835349702" dump="1653835350137"/><sessioninfo id="Kelvins-MBP.usi.ch-eb38f901" start="1653838016956" dump="1653838017525"/><sessioninfo id="Kelvins-MBP.usi.ch-e8c3f50c" start="1653838233403" dump="1653838233854"/><sessioninfo id="Kelvins-MBP.usi.ch-95376be7" start="1653838454677" dump="1653838455145"/><sessioninfo id="Kelvins-MBP.usi.ch-a1c58f5e" start="1653839727975" dump="1653839728510"/><sessioninfo id="Kelvins-MBP.usi.ch-befd8674" start="1653839893693" dump="1653839894133"/><sessioninfo id="Kelvins-MBP.usi.ch-905f0369" start="1653840190933" dump="1653840204231"/><sessioninfo id="Kelvins-MBP.usi.ch-1a738d5e" start="1653840427321" dump="1653840427732"/><sessioninfo id="Kelvins-MBP.usi.ch-1c727050" start="1653840824011" dump="1653840824445"/><sessioninfo id="Kelvins-MBP.usi.ch-6f25c090" start="1653841033085" dump="1653841033507"/><sessioninfo id="Kelvins-MBP.usi.ch-6a1a898d" start="1653841536019" dump="1653841536475"/><sessioninfo id="Kelvins-MBP.usi.ch-733b202c" start="1653841608182" dump="1653841608628"/><sessioninfo id="Kelvins-MBP.usi.ch-d55969cf" start="1653846962106" dump="1653846962558"/><sessioninfo id="Kelvins-MBP.usi.ch-88fe24ee" start="1653846997959" dump="1653846998396"/><sessioninfo id="Kelvins-MBP.usi.ch-eff5cfeb" start="1653847158312" dump="1653847158761"/><sessioninfo id="Kelvins-MBP.usi.ch-8c242f31" start="1653847554030" dump="1653847554445"/><sessioninfo id="Kelvins-MBP-13148fad" start="1653893176412" dump="1653893177067"/><sessioninfo id="Kelvins-MBP-e01a231" start="1653893341615" dump="1653893342231"/><sessioninfo id="Kelvins-MBP-8906be94" start="1653893438097" dump="1653893438796"/><sessioninfo id="Kelvins-MBP-3da406da" start="1653893530342" dump="1653893530908"/><sessioninfo id="Kelvins-MBP-7672dc" start="1653895281396" dump="1653895282072"/><sessioninfo id="Kelvins-MBP-1e405a40" start="1653896014099" dump="1653896015409"/><sessioninfo id="Kelvins-MBP-92568d53" start="1653896092825" dump="1653896093388"/><sessioninfo id="Kelvins-MBP.usi.ch-c43e91c4" start="1653909579036" dump="1653909579733"/><sessioninfo id="Kelvins-MBP.usi.ch-2cffffa5" start="1653910271390" dump="1653910272044"/><sessioninfo id="Kelvins-MBP.usi.ch-d9cd9e2" start="1653910469648" dump="1653910470311"/><sessioninfo id="Kelvins-MBP.usi.ch-a77958be" start="1653910699318" dump="1653910699795"/><sessioninfo id="Kelvins-MBP.usi.ch-b878655" start="1653910798282" dump="1653910798899"/><sessioninfo id="Kelvins-MBP.usi.ch-c8d0acc3" start="1653910861320" dump="1653910861973"/><sessioninfo id="Kelvins-MBP.usi.ch-a00406" start="1653910870427" dump="1653910871035"/><sessioninfo id="Kelvins-MBP.usi.ch-4d0ee7da" start="1653910991561" dump="1653910992140"/><sessioninfo id="Kelvins-MBP.usi.ch-187e0008" start="1653911281656" dump="1653911282102"/><sessioninfo id="Kelvins-MBP.usi.ch-ca8ef42c" start="1653911309756" dump="1653911310298"/><sessioninfo id="Kelvins-MBP.usi.ch-1e9a6bd1" start="1653911444630" dump="1653911445138"/><sessioninfo id="Kelvins-MBP.usi.ch-4ccb2a1c" start="1653911545546" dump="1653911546148"/><sessioninfo id="Kelvins-MBP.usi.ch-b17f2c77" start="1653912034030" dump="1653912034515"/><sessioninfo id="Kelvins-MBP.usi.ch-d5af4d86" start="1653912100013" dump="1653912100898"/><sessioninfo id="Kelvins-MBP.usi.ch-53a0d340" start="1653912232764" dump="1653912233308"/><sessioninfo id="Kelvins-MBP.usi.ch-61b33ef4" start="1653912822875" dump="1653912823345"/><sessioninfo id="Kelvins-MBP.usi.ch-80f178ba" start="1653913270704" dump="1653913271254"/><sessioninfo id="Kelvins-MBP.usi.ch-60a99363" start="1653913462665" dump="1653913463210"/><sessioninfo id="Kelvins-MBP.usi.ch-942e1ae4" start="1653913669378" dump="1653913669953"/><sessioninfo id="Kelvins-MBP.usi.ch-eb7eae1e" start="1653914365161" dump="1653914365630"/><sessioninfo id="Kelvins-MBP.usi.ch-79fd71d6" start="1653914562734" dump="1653914563400"/><sessioninfo id="Kelvins-MBP.usi.ch-9627e28a" start="1653920195154" dump="1653920195786"/><sessioninfo id="Kelvins-MBP.usi.ch-337a4ca7" start="1653923281511" dump="1653923282123"/><sessioninfo id="Kelvins-MBP.usi.ch-432691" start="1653923614659" dump="1653923615393"/><sessioninfo id="Kelvins-MBP.usi.ch-c026904a" start="1653923745033" dump="1653923745444"/><sessioninfo id="Kelvins-MBP.usi.ch-9c44e06b" start="1653923946906" dump="1653923947421"/><sessioninfo id="Kelvins-MBP.usi.ch-2ce431ea" start="1653924037468" dump="1653924037956"/><sessioninfo id="Kelvins-MBP.usi.ch-2ea17b2b" start="1653924194722" dump="1653924195290"/><sessioninfo id="Kelvins-MBP.usi.ch-6b90bed0" start="1653924363916" dump="1653924365004"/><sessioninfo id="Kelvins-MBP.usi.ch-835a281a" start="1653924520024" dump="1653924520581"/><sessioninfo id="Kelvins-MBP.usi.ch-c0239f22" start="1653924616585" dump="1653924616997"/><sessioninfo id="Kelvins-MBP.usi.ch-213a3175" start="1653924744023" dump="1653924744527"/><sessioninfo id="Kelvins-MBP.usi.ch-45f993a1" start="1653924927572" dump="1653924928013"/><sessioninfo id="Kelvins-MBP.usi.ch-7ab9cade" start="1653925166800" dump="1653925167602"/><sessioninfo id="Kelvins-MBP.usi.ch-268bec8f" start="1653925356896" dump="1653925357349"/><sessioninfo id="Kelvins-MBP.usi.ch-38402882" start="1653925447940" dump="1653925448449"/><sessioninfo id="Kelvins-MBP.usi.ch-a958ca44" start="1653925564989" dump="1653925565461"/><sessioninfo id="Kelvins-MBP.usi.ch-6250d8a9" start="1653925669809" dump="1653925670394"/><sessioninfo id="Kelvins-MBP.usi.ch-6dc32a8d" start="1653925782817" dump="1653925783247"/><sessioninfo id="Kelvins-MBP.usi.ch-9585905" start="1653925857774" dump="1653925858463"/><sessioninfo id="Kelvins-MBP.usi.ch-9d85f057" start="1653925980220" dump="1653925980685"/><sessioninfo id="Kelvins-MBP.usi.ch-33010256" start="1653926083295" dump="1653926083747"/><sessioninfo id="Kelvins-MBP.usi.ch-ece65736" start="1653926226901" dump="1653926227324"/><sessioninfo id="Kelvins-MBP.usi.ch-48e7a796" start="1653926385105" dump="1653926385590"/><sessioninfo id="Kelvins-MBP.usi.ch-e41b82a4" start="1653926577233" dump="1653926577734"/><sessioninfo id="Kelvins-MBP.usi.ch-e118b220" start="1653926672070" dump="1653926672491"/><sessioninfo id="Kelvins-MBP.usi.ch-3c277a4d" start="1653926840040" dump="1653926840508"/><sessioninfo id="Kelvins-MBP.usi.ch-8ce73b17" start="1653926950443" dump="1653926950937"/><sessioninfo id="Kelvins-MBP.usi.ch-ec129da7" start="1653927013464" dump="1653927013990"/><sessioninfo id="Kelvins-MBP.usi.ch-8d803972" start="1653927060929" dump="1653927061315"/><sessioninfo id="Kelvins-MBP.usi.ch-4144bfbc" start="1653927099521" dump="1653927099944"/><sessioninfo id="Kelvins-MBP.usi.ch-ff04d350" start="1653927250371" dump="1653927250848"/><sessioninfo id="Kelvins-MBP.usi.ch-e83a3554" start="1653927343626" dump="1653927344147"/><sessioninfo id="Kelvins-MBP.usi.ch-a102bd37" start="1653927492483" dump="1653927492992"/><sessioninfo id="Kelvins-MBP.usi.ch-34701871" start="1653927819091" dump="1653927819569"/><sessioninfo id="Kelvins-MBP.usi.ch-b0d782e1" start="1653927887634" dump="1653927888051"/><sessioninfo id="Kelvins-MBP.mobile.usilu.net-f8bb5ea8" start="1653928773047" dump="1653928773808"/><sessioninfo id="Kelvins-MBP.mobile.usilu.net-7243face" start="1653929036041" dump="1653929036722"/><sessioninfo id="Kelvins-MBP.mobile.usilu.net-32564067" start="1653929440234" dump="1653929440869"/><sessioninfo id="Kelvins-MBP.mobile.usilu.net-e965e5ef" start="1653929541311" dump="1653929541948"/><sessioninfo id="Kelvins-MBP.mobile.usilu.net-4dcd6d5a" start="1653929593240" dump="1653929593821"/><sessioninfo id="Kelvins-MBP.mobile.usilu.net-762b11f3" start="1653929653002" dump="1653929653591"/><sessioninfo id="Kelvins-MBP.mobile.usilu.net-7603715" start="1653929680383" dump="1653929680962"/><sessioninfo id="Kelvins-MBP.mobile.usilu.net-92caecbb" start="1653929742757" dump="1653929743297"/><sessioninfo id="Kelvins-MBP.mobile.usilu.net-cfb3676f" start="1653929793412" dump="1653929794031"/><sessioninfo id="Kelvins-MBP.mobile.usilu.net-5e0d1422" start="1653929859887" dump="1653929860423"/><sessioninfo id="Kelvins-MBP-94ba539b" start="1653937068725" dump="1653937069972"/><sessioninfo id="Kelvins-MBP-56bdf01e" start="1653937575057" dump="1653937575646"/><sessioninfo id="Kelvins-MBP-31667f7a" start="1653937841426" dump="1653937841981"/><sessioninfo id="Kelvins-MBP-f61bc0d3" start="1653937971004" dump="1653937971642"/><sessioninfo id="Kelvins-MBP-5eef0e25" start="1653938139905" dump="1653938140809"/><sessioninfo id="Kelvins-MBP-5c065d8" start="1653938232604" dump="1653938233160"/><sessioninfo id="Kelvins-MBP-43b58bac" start="1653938417912" dump="1653938418491"/><sessioninfo id="Kelvins-MBP-15be4c17" start="1653938541378" dump="1653938541965"/><sessioninfo id="Kelvins-MBP-ca351f7" start="1653938608773" dump="1653938609345"/><sessioninfo id="Kelvins-MBP-c8c6a762" start="1653938969668" dump="1653938970178"/><sessioninfo id="Kelvins-MBP-13daf9cb" start="1653939026821" dump="1653939027291"/><sessioninfo id="Kelvins-MBP-57b8208b" start="1653939130546" dump="1653939130971"/><sessioninfo id="Kelvins-MBP-6835ffba" start="1653939154972" dump="1653939155410"/><sessioninfo id="Kelvins-MBP-794beae4" start="1653939316962" dump="1653939317462"/><sessioninfo id="Kelvins-MBP-bdaec10f" start="1653939423322" dump="1653939423746"/><sessioninfo id="Kelvins-MBP-117f9157" start="1653939449900" dump="1653939450638"/><sessioninfo id="Kelvins-MBP-7083fabd" start="1653939513452" dump="1653939513896"/><sessioninfo id="Kelvins-MBP-6ade752" start="1653939527248" dump="1653939527778"/><sessioninfo id="Kelvins-MBP-54a6d8ec" start="1653939671468" dump="1653939671899"/><sessioninfo id="Kelvins-MBP-ff72d05e" start="1653939710015" dump="1653939710416"/><sessioninfo id="Kelvins-MBP-b010cf18" start="1653939873089" dump="1653939873832"/><sessioninfo id="Kelvins-MBP-f53beddf" start="1653939972018" dump="1653939972527"/><sessioninfo id="Kelvins-MBP-7ebd9993" start="1653940029110" dump="1653940029604"/><sessioninfo id="Kelvins-MBP-5e700101" start="1653940132385" dump="1653940132894"/><sessioninfo id="Kelvins-MBP-9840e1d0" start="1653940170460" dump="1653940170866"/><sessioninfo id="Kelvins-MBP-d59571f3" start="1653940258473" dump="1653940258995"/><sessioninfo id="Kelvins-MBP-f588fef1" start="1653940331970" dump="1653940332484"/><sessioninfo id="Kelvins-MBP-c12f1912" start="1653940351053" dump="1653940351506"/><sessioninfo id="Kelvins-MBP-3f598ab6" start="1653940480789" dump="1653940481271"/><sessioninfo id="Kelvins-MBP-c3e25cde" start="1653940549556" dump="1653940550158"/><sessioninfo id="Kelvins-MBP-bbab971c" start="1653940570579" dump="1653940571000"/><sessioninfo id="Kelvins-MBP-e4e74386" start="1653940671716" dump="1653940672185"/><sessioninfo id="Kelvins-MBP-7a46a85c" start="1653940770007" dump="1653940770419"/><sessioninfo id="Kelvins-MBP-2d4a50f6" start="1653940878247" dump="1653940878722"/><sessioninfo id="Kelvins-MBP-7b6c3919" start="1653941012598" dump="1653941013102"/><sessioninfo id="Kelvins-MBP-c24cec35" start="1653941026591" dump="1653941027058"/><sessioninfo id="Kelvins-MBP-af334eb8" start="1653941303861" dump="1653941304293"/><sessioninfo id="Kelvins-MBP-91f6ef32" start="1653941388831" dump="1653941389444"/><sessioninfo id="Kelvins-MBP-4a926901" start="1653941395838" dump="1653941396258"/><sessioninfo id="Kelvins-MBP-62930f15" start="1653941456001" dump="1653941456456"/><sessioninfo id="Kelvins-MBP-4e53e04e" start="1653941556842" dump="1653941557352"/><sessioninfo id="Kelvins-MBP-94236cc3" start="1653941600553" dump="1653941601036"/><sessioninfo id="Kelvins-MBP-bf812df3" start="1653941719988" dump="1653941720513"/><sessioninfo id="Kelvins-MBP-60c26d3b" start="1653941766465" dump="1653941766984"/><sessioninfo id="Kelvins-MBP-af4f0c6c" start="1653941806828" dump="1653941807292"/><sessioninfo id="Kelvins-MBP-ebd5e836" start="1653942344627" dump="1653942345050"/><sessioninfo id="Kelvins-MBP-e36e7249" start="1653942393306" dump="1653942393929"/><sessioninfo id="Kelvins-MBP-cef71539" start="1653942571891" dump="1653942573354"/><sessioninfo id="Kelvins-MBP-7d4fa6a" start="1653942586724" dump="1653942587212"/><sessioninfo id="Kelvins-MBP-ad0b2674" start="1653942832896" dump="1653942833456"/><sessioninfo id="Kelvins-MBP-c4f1843e" start="1653942960544" dump="1653942961086"/><sessioninfo id="Kelvins-MBP-ece8060a" start="1653943106206" dump="1653943106672"/><sessioninfo id="Kelvins-MBP-4eb0264b" start="1653943455928" dump="1653943456399"/><sessioninfo id="Kelvins-MBP-1923a5ad" start="1653943669170" dump="1653943669727"/><sessioninfo id="Kelvins-MBP-150f2ea8" start="1653944094799" dump="1653944095273"/><sessioninfo id="Kelvins-MBP-d388674f" start="1653944212628" dump="1653944213037"/><sessioninfo id="Kelvins-MBP-106cb6a3" start="1653944293303" dump="1653944293907"/><sessioninfo id="Kelvins-MBP-75a5cada" start="1653944730553" dump="1653944731030"/><sessioninfo id="Kelvins-MBP-4f4f65fc" start="1653945317101" dump="1653945317618"/><sessioninfo id="Kelvins-MBP-f217019d" start="1653945350807" dump="1653945351214"/><sessioninfo id="Kelvins-MBP-b32a9b03" start="1653945418244" dump="1653945418824"/><sessioninfo id="Kelvins-MBP-24f15b2a" start="1653945532030" dump="1653945532437"/><sessioninfo id="Kelvins-MBP-4fb2a724" start="1653945556446" dump="1653945556941"/><sessioninfo id="Kelvins-MBP-f35c1bf4" start="1653946256936" dump="1653946257458"/><package name="tui"><class name="tui/TuiUtil" sourcefilename="TuiUtil.java"><method name="&lt;init&gt;" desc="()V" line="18"><counter type="INSTRUCTION" missed="3" covered="0"/><counter type="LINE" missed="1" covered="0"/><counter type="COMPLEXITY" missed="1" covered="0"/><counter type="METHOD" missed="1" covered="0"/></method><method name="run" desc="()V" line="47"><counter type="INSTRUCTION" missed="179" covered="0"/><counter type="BRANCH" missed="6" covered="0"/><counter type="LINE" missed="62" covered="0"/><counter type="COMPLEXITY" missed="4" covered="0"/><counter type="METHOD" missed="1" covered="0"/></method><method name="&lt;clinit&gt;" desc="()V" line="19"><counter type="INSTRUCTION" missed="42" covered="0"/><counter type="LINE" missed="9" covered="0"/><counter type="COMPLEXITY" missed="1" covered="0"/><counter type="METHOD" missed="1" covered="0"/></method><counter type="INSTRUCTION" missed="224" covered="0"/><counter type="BRANCH" missed="6" covered="0"/><counter type="LINE" missed="72" covered="0"/><counter type="COMPLEXITY" missed="6" covered="0"/><counter type="METHOD" missed="3" covered="0"/><counter type="CLASS" missed="1" covered="0"/></class><sourcefile name="TuiUtil.java"><line nr="18" mi="3" ci="0" mb="0" cb="0"/><line nr="19" mi="4" ci="0" mb="0" cb="0"/><line nr="22" mi="2" ci="0" mb="0" cb="0"/><line nr="24" mi="4" ci="0" mb="0" cb="0"/><line nr="26" mi="4" ci="0" mb="0" cb="0"/><line nr="27" mi="4" ci="0" mb="0" cb="0"/><line nr="29" mi="4" ci="0" mb="0" cb="0"/><line nr="30" mi="4" ci="0" mb="0" cb="0"/><line nr="32" mi="4" ci="0" mb="0" cb="0"/><line nr="35" mi="12" ci="0" mb="0" cb="0"/><line nr="47" mi="3" ci="0" mb="0" cb="0"/><line nr="48" mi="5" ci="0" mb="0" cb="0"/><line nr="49" mi="3" ci="0" mb="0" cb="0"/><line nr="50" mi="12" ci="0" mb="0" cb="0"/><line nr="51" mi="3" ci="0" mb="0" cb="0"/><line nr="66" mi="3" ci="0" mb="0" cb="0"/><line nr="67" mi="3" ci="0" mb="0" cb="0"/><line nr="69" mi="3" ci="0" mb="0" cb="0"/><line nr="72" mi="3" ci="0" mb="0" cb="0"/><line nr="74" mi="3" ci="0" mb="0" cb="0"/><line nr="76" mi="3" ci="0" mb="0" cb="0"/><line nr="81" mi="3" ci="0" mb="0" cb="0"/><line nr="84" mi="3" ci="0" mb="0" cb="0"/><line nr="86" mi="3" ci="0" mb="0" cb="0"/><line nr="90" mi="3" ci="0" mb="0" cb="0"/><line nr="93" mi="3" ci="0" mb="0" cb="0"/><line nr="96" mi="3" ci="0" mb="0" cb="0"/><line nr="101" mi="5" ci="0" mb="0" cb="0"/><line nr="104" mi="1" ci="0" mb="0" cb="0"/><line nr="107" mi="2" ci="0" mb="0" cb="0"/><line nr="112" mi="5" ci="0" mb="0" cb="0"/><line nr="113" mi="3" ci="0" mb="0" cb="0"/><line nr="114" mi="3" ci="0" mb="0" cb="0"/><line nr="115" mi="3" ci="0" mb="0" cb="0"/><line nr="116" mi="3" ci="0" mb="0" cb="0"/><line nr="119" mi="3" ci="0" mb="0" cb="0"/><line nr="122" mi="3" ci="0" mb="2" cb="0"/><line nr="125" mi="3" ci="0" mb="0" cb="0"/><line nr="126" mi="2" ci="0" mb="0" cb="0"/><line nr="129" mi="3" ci="0" mb="0" cb="0"/><line nr="130" mi="2" ci="0" mb="0" cb="0"/><line nr="132" mi="3" ci="0" mb="0" cb="0"/><line nr="134" mi="2" ci="0" mb="0" cb="0"/><line nr="136" mi="3" ci="0" mb="0" cb="0"/><line nr="138" mi="2" ci="0" mb="0" cb="0"/><line nr="140" mi="3" ci="0" mb="0" cb="0"/><line nr="143" mi="2" ci="0" mb="0" cb="0"/><line nr="145" mi="3" ci="0" mb="0" cb="0"/><line nr="147" mi="3" ci="0" mb="2" cb="0"/><line nr="150" mi="3" ci="0" mb="0" cb="0"/><line nr="151" mi="2" ci="0" mb="0" cb="0"/><line nr="153" mi="3" ci="0" mb="0" cb="0"/><line nr="155" mi="3" ci="0" mb="0" cb="0"/><line nr="157" mi="2" ci="0" mb="0" cb="0"/><line nr="159" mi="3" ci="0" mb="0" cb="0"/><line nr="161" mi="1" ci="0" mb="0" cb="0"/><line nr="163" mi="3" ci="0" mb="0" cb="0"/><line nr="166" mi="2" ci="0" mb="0" cb="0"/><line nr="167" mi="3" ci="0" mb="0" cb="0"/><line nr="168" mi="3" ci="0" mb="2" cb="0"/><line nr="170" mi="3" ci="0" mb="0" cb="0"/><line nr="171" mi="3" ci="0" mb="0" cb="0"/><line nr="172" mi="3" ci="0" mb="0" cb="0"/><line nr="174" mi="3" ci="0" mb="0" cb="0"/><line nr="176" mi="1" ci="0" mb="0" cb="0"/><line nr="177" mi="3" ci="0" mb="0" cb="0"/><line nr="181" mi="1" ci="0" mb="0" cb="0"/><line nr="183" mi="3" ci="0" mb="0" cb="0"/><line nr="185" mi="2" ci="0" mb="0" cb="0"/><line nr="186" mi="2" ci="0" mb="0" cb="0"/><line nr="190" mi="2" ci="0" mb="0" cb="0"/><line nr="191" mi="1" ci="0" mb="0" cb="0"/><counter type="INSTRUCTION" missed="224" covered="0"/><counter type="BRANCH" missed="6" covered="0"/><counter type="LINE" missed="72" covered="0"/><counter type="COMPLEXITY" missed="6" covered="0"/><counter type="METHOD" missed="3" covered="0"/><counter type="CLASS" missed="1" covered="0"/></sourcefile><counter type="INSTRUCTION" missed="224" covered="0"/><counter type="BRANCH" missed="6" covered="0"/><counter type="LINE" missed="72" covered="0"/><counter type="COMPLEXITY" missed="6" covered="0"/><counter type="METHOD" missed="3" covered="0"/><counter type="CLASS" missed="1" covered="0"/></package><package name="model"><class name="model/DisplayField" sourcefilename="DisplayField.java"><method name="&lt;init&gt;" desc="(II)V" line="25"><counter type="INSTRUCTION" missed="0" covered="11"/><counter type="LINE" missed="0" covered="5"/><counter type="COMPLEXITY" missed="0" covered="1"/><counter type="METHOD" missed="0" covered="1"/></method><method name="getRow" desc="()I" line="36"><counter type="INSTRUCTION" missed="0" covered="3"/><counter type="LINE" missed="0" covered="1"/><counter type="COMPLEXITY" missed="0" covered="1"/><counter type="METHOD" missed="0" covered="1"/></method><method name="getCol" desc="()I" line="44"><counter type="INSTRUCTION" missed="0" covered="2"/><counter type="LINE" missed="0" covered="1"/><counter type="COMPLEXITY" missed="0" covered="1"/><counter type="METHOD" missed="0" covered="1"/></method><method name="displayBoard" desc="([[Ljava/lang/String;[[Ljava/lang/String;)V" line="55"><counter type="INSTRUCTION" missed="26" covered="175"/><counter type="BRANCH" missed="4" covered="8"/><counter type="LINE" missed="4" covered="20"/><counter type="COMPLEXITY" missed="4" covered="3"/><counter type="METHOD" missed="0" covered="1"/></method><method name="displayFieldColumns" desc="(I)Ljava/lang/String;" line="93"><counter type="INSTRUCTION" missed="0" covered="42"/><counter type="BRANCH" missed="0" covered="2"/><counter type="LINE" missed="0" covered="5"/><counter type="COMPLEXITY" missed="0" covered="2"/><counter type="METHOD" missed="0" covered="1"/></method><method name="displayWhoIsWho" desc="()V" line="108"><counter type="INSTRUCTION" missed="0" covered="51"/><counter type="BRANCH" missed="0" covered="2"/><counter type="LINE" missed="0" covered="10"/><counter type="COMPLEXITY" missed="0" covered="2"/><counter type="METHOD" missed="0" covered="1"/></method><method name="displayHeader" desc="(I)V" line="126"><counter type="INSTRUCTION" missed="0" covered="62"/><counter type="BRANCH" missed="0" covered="2"/><counter type="LINE" missed="0" covered="6"/><counter type="COMPLEXITY" missed="0" covered="2"/><counter type="METHOD" missed="0" covered="1"/></method><method name="columnPartitioner" desc="(I)V" line="140"><counter type="INSTRUCTION" missed="0" covered="23"/><counter type="BRANCH" missed="0" covered="2"/><counter type="LINE" missed="0" covered="5"/><counter type="COMPLEXITY" missed="0" covered="2"/><counter type="METHOD" missed="0" covered="1"/></method><counter type="INSTRUCTION" missed="26" covered="369"/><counter type="BRANCH" missed="4" covered="16"/><counter type="LINE" missed="4" covered="53"/><counter type="COMPLEXITY" missed="4" covered="14"/><counter type="METHOD" missed="0" covered="8"/><counter type="CLASS" missed="0" covered="1"/></class><class name="model/ShipTypeTest" sourcefilename="ShipTypeTest.java"><method name="&lt;init&gt;" desc="()V" line="21"><counter type="INSTRUCTION" missed="3" covered="0"/><counter type="LINE" missed="2" covered="0"/><counter type="COMPLEXITY" missed="1" covered="0"/><counter type="METHOD" missed="1" covered="0"/></method><method name="setUp" desc="()V" line="32"><counter type="INSTRUCTION" missed="1" covered="0"/><counter type="LINE" missed="1" covered="0"/><counter type="COMPLEXITY" missed="1" covered="0"/><counter type="METHOD" missed="1" covered="0"/></method><method name="tearDown" desc="()V" line="42"><counter type="INSTRUCTION" missed="1" covered="0"/><counter type="LINE" missed="1" covered="0"/><counter type="COMPLEXITY" missed="1" covered="0"/><counter type="METHOD" missed="1" covered="0"/></method><counter type="INSTRUCTION" missed="5" covered="0"/><counter type="LINE" missed="4" covered="0"/><counter type="COMPLEXITY" missed="3" covered="0"/><counter type="METHOD" missed="3" covered="0"/><counter type="CLASS" missed="1" covered="0"/></class><class name="model/Game" sourcefilename="Game.java"><method name="&lt;init&gt;" desc="(Ljava/util/Scanner;)V" line="46"><counter type="INSTRUCTION" missed="16" covered="0"/><counter type="LINE" missed="5" covered="0"/><counter type="COMPLEXITY" missed="1" covered="0"/><counter type="METHOD" missed="1" covered="0"/></method><method name="&lt;init&gt;" desc="()V" line="46"><counter type="INSTRUCTION" missed="0" covered="57"/><counter type="LINE" missed="0" covered="17"/><counter type="COMPLEXITY" missed="0" covered="1"/><counter type="METHOD" missed="0" covered="1"/></method><method name="updateGameDisplay" desc="(Lmodel/Field;Lmodel/Field;)V" line="117"><counter type="INSTRUCTION" missed="0" covered="12"/><counter type="LINE" missed="0" covered="4"/><counter type="COMPLEXITY" missed="0" covered="1"/><counter type="METHOD" missed="0" covered="1"/></method><method name="updateGameDisplayPVP" desc="(Lmodel/Field;Lmodel/Field;)V" line="130"><counter type="INSTRUCTION" missed="12" covered="0"/><counter type="LINE" missed="4" covered="0"/><counter type="COMPLEXITY" missed="1" covered="0"/><counter type="METHOD" missed="1" covered="0"/></method><method name="shipSizesHelpful" desc="()V" line="142"><counter type="INSTRUCTION" missed="45" covered="0"/><counter type="BRANCH" missed="2" covered="0"/><counter type="LINE" missed="4" covered="0"/><counter type="COMPLEXITY" missed="2" covered="0"/><counter type="METHOD" missed="1" covered="0"/></method><method name="welcomingInstructions" desc="(Ljava/util/Scanner;)V" line="171"><counter type="INSTRUCTION" missed="74" covered="0"/><counter type="BRANCH" missed="18" covered="0"/><counter type="LINE" missed="22" covered="0"/><counter type="COMPLEXITY" missed="10" covered="0"/><counter type="METHOD" missed="1" covered="0"/></method><method name="setPlayerShips" desc="(Ljava/util/Scanner;)V" line="209"><counter type="INSTRUCTION" missed="37" covered="0"/><counter type="BRANCH" missed="8" covered="0"/><counter type="LINE" missed="14" covered="0"/><counter type="COMPLEXITY" missed="5" covered="0"/><counter type="METHOD" missed="1" covered="0"/></method><method name="setSecondPlayerShips" desc="(Ljava/util/Scanner;)V" line="237"><counter type="INSTRUCTION" missed="37" covered="0"/><counter type="BRANCH" missed="8" covered="0"/><counter type="LINE" missed="14" covered="0"/><counter type="COMPLEXITY" missed="5" covered="0"/><counter type="METHOD" missed="1" covered="0"/></method><method name="setPlayerShipsManually" desc="(Ljava/util/Scanner;)V" line="267"><counter type="INSTRUCTION" missed="63" covered="0"/><counter type="BRANCH" missed="6" covered="0"/><counter type="LINE" missed="14" covered="0"/><counter type="COMPLEXITY" missed="4" covered="0"/><counter type="METHOD" missed="1" covered="0"/></method><method name="setPlayerShipsManually" desc="(II)V" line="291"><counter type="INSTRUCTION" missed="52" covered="0"/><counter type="BRANCH" missed="4" covered="0"/><counter type="LINE" missed="12" covered="0"/><counter type="COMPLEXITY" missed="3" covered="0"/><counter type="METHOD" missed="1" covered="0"/></method><method name="setSecondPlayerShipsManually" desc="(Ljava/util/Scanner;)V" line="316"><counter type="INSTRUCTION" missed="63" covered="0"/><counter type="BRANCH" missed="6" covered="0"/><counter type="LINE" missed="14" covered="0"/><counter type="COMPLEXITY" missed="4" covered="0"/><counter type="METHOD" missed="1" covered="0"/></method><method name="placeShipRandomlyV2" desc="(Lmodel/Field;Lmodel/GamePlayers;)V" line="341"><counter type="INSTRUCTION" missed="37" covered="7"/><counter type="BRANCH" missed="5" covered="1"/><counter type="LINE" missed="10" covered="2"/><counter type="COMPLEXITY" missed="3" covered="1"/><counter type="METHOD" missed="0" covered="1"/></method><method name="placeShipRandomlyPVP" desc="(Lmodel/Field;Lmodel/GamePlayers;)V" line="365"><counter type="INSTRUCTION" missed="49" covered="0"/><counter type="BRANCH" missed="8" covered="0"/><counter type="LINE" missed="14" covered="0"/><counter type="COMPLEXITY" missed="5" covered="0"/><counter type="METHOD" missed="1" covered="0"/></method><method name="placeShipRandomlySecondAi" desc="(Lmodel/Field;Lmodel/GamePlayers;)V" line="391"><counter type="INSTRUCTION" missed="44" covered="0"/><counter type="BRANCH" missed="6" covered="0"/><counter type="LINE" missed="12" covered="0"/><counter type="COMPLEXITY" missed="4" covered="0"/><counter type="METHOD" missed="1" covered="0"/></method><method name="setAiShips" desc="()V" line="413"><counter type="INSTRUCTION" missed="4" covered="0"/><counter type="LINE" missed="2" covered="0"/><counter type="COMPLEXITY" missed="1" covered="0"/><counter type="METHOD" missed="1" covered="0"/></method><method name="setSecondAiShips" desc="()V" line="420"><counter type="INSTRUCTION" missed="4" covered="0"/><counter type="LINE" missed="2" covered="0"/><counter type="COMPLEXITY" missed="1" covered="0"/><counter type="METHOD" missed="1" covered="0"/></method><method name="startGamePvsAI" desc="(Ljava/util/Scanner;)V" line="433"><counter type="INSTRUCTION" missed="21" covered="0"/><counter type="BRANCH" missed="2" covered="0"/><counter type="LINE" missed="11" covered="0"/><counter type="COMPLEXITY" missed="2" covered="0"/><counter type="METHOD" missed="1" covered="0"/></method><method name="startGamePVP" desc="(Ljava/util/Scanner;)V" line="489"><counter type="INSTRUCTION" missed="21" covered="0"/><counter type="BRANCH" missed="2" covered="0"/><counter type="LINE" missed="10" covered="0"/><counter type="COMPLEXITY" missed="2" covered="0"/><counter type="METHOD" missed="1" covered="0"/></method><method name="startGameAIvsAI" desc="(Ljava/util/Scanner;)V" line="519"><counter type="INSTRUCTION" missed="21" covered="0"/><counter type="BRANCH" missed="2" covered="0"/><counter type="LINE" missed="11" covered="0"/><counter type="COMPLEXITY" missed="2" covered="0"/><counter type="METHOD" missed="1" covered="0"/></method><method name="checkIfTheGameIsOverAIvsAI" desc="()Z" line="549"><counter type="INSTRUCTION" missed="2" covered="10"/><counter type="BRANCH" missed="2" covered="2"/><counter type="LINE" missed="0" covered="1"/><counter type="COMPLEXITY" missed="2" covered="1"/><counter type="METHOD" missed="0" covered="1"/></method><method name="declareWinner" desc="(Ljava/lang/String;)V" line="559"><counter type="INSTRUCTION" missed="55" covered="10"/><counter type="BRANCH" missed="4" covered="1"/><counter type="LINE" missed="21" covered="3"/><counter type="COMPLEXITY" missed="4" covered="1"/><counter type="METHOD" missed="0" covered="1"/></method><method name="playerTurnToMakeAMove" desc="(Ljava/util/Scanner;)V" line="601"><counter type="INSTRUCTION" missed="73" covered="0"/><counter type="BRANCH" missed="6" covered="0"/><counter type="LINE" missed="20" covered="0"/><counter type="COMPLEXITY" missed="4" covered="0"/><counter type="METHOD" missed="1" covered="0"/></method><method name="aiTurnToMakeAMove" desc="()V" line="637"><counter type="INSTRUCTION" missed="50" covered="56"/><counter type="BRANCH" missed="2" covered="4"/><counter type="LINE" missed="10" covered="14"/><counter type="COMPLEXITY" missed="2" covered="2"/><counter type="METHOD" missed="0" covered="1"/></method><method name="makeAIMove" desc="()V" line="673"><counter type="INSTRUCTION" missed="100" covered="0"/><counter type="BRANCH" missed="6" covered="0"/><counter type="LINE" missed="25" covered="0"/><counter type="COMPLEXITY" missed="4" covered="0"/><counter type="METHOD" missed="1" covered="0"/></method><method name="makePlayerMove" desc="()V" line="713"><counter type="INSTRUCTION" missed="100" covered="0"/><counter type="BRANCH" missed="6" covered="0"/><counter type="LINE" missed="25" covered="0"/><counter type="COMPLEXITY" missed="4" covered="0"/><counter type="METHOD" missed="1" covered="0"/></method><method name="getAiShipSymbol" desc="(Ljava/lang/String;)V" line="752"><counter type="INSTRUCTION" missed="7" covered="0"/><counter type="LINE" missed="2" covered="0"/><counter type="COMPLEXITY" missed="1" covered="0"/><counter type="METHOD" missed="1" covered="0"/></method><method name="getAiShipSymbol" desc="(Ljava/util/Scanner;)V" line="761"><counter type="INSTRUCTION" missed="28" covered="0"/><counter type="BRANCH" missed="4" covered="0"/><counter type="LINE" missed="11" covered="0"/><counter type="COMPLEXITY" missed="3" covered="0"/><counter type="METHOD" missed="1" covered="0"/></method><method name="getPlayerShipSymbol" desc="(Ljava/util/Scanner;)V" line="782"><counter type="INSTRUCTION" missed="28" covered="0"/><counter type="BRANCH" missed="4" covered="0"/><counter type="LINE" missed="11" covered="0"/><counter type="COMPLEXITY" missed="3" covered="0"/><counter type="METHOD" missed="1" covered="0"/></method><method name="getSecondPlayerShipSymbol" desc="(Ljava/util/Scanner;)V" line="803"><counter type="INSTRUCTION" missed="28" covered="0"/><counter type="BRANCH" missed="4" covered="0"/><counter type="LINE" missed="11" covered="0"/><counter type="COMPLEXITY" missed="3" covered="0"/><counter type="METHOD" missed="1" covered="0"/></method><method name="getSecondAiShipSymbol" desc="(Ljava/util/Scanner;)V" line="825"><counter type="INSTRUCTION" missed="28" covered="0"/><counter type="BRANCH" missed="4" covered="0"/><counter type="LINE" missed="11" covered="0"/><counter type="COMPLEXITY" missed="3" covered="0"/><counter type="METHOD" missed="1" covered="0"/></method><method name="getSecondAiShipSymbol" desc="(Ljava/lang/String;)V" line="846"><counter type="INSTRUCTION" missed="7" covered="0"/><counter type="LINE" missed="2" covered="0"/><counter type="COMPLEXITY" missed="1" covered="0"/><counter type="METHOD" missed="1" covered="0"/></method><method name="checkWhoWonTheGame" desc="()Z" line="857"><counter type="INSTRUCTION" missed="38" covered="0"/><counter type="BRANCH" missed="8" covered="0"/><counter type="LINE" missed="13" covered="0"/><counter type="COMPLEXITY" missed="5" covered="0"/><counter type="METHOD" missed="1" covered="0"/></method><method name="printHighestScore" desc="(Ljava/util/Scanner;)V" line="887"><counter type="INSTRUCTION" missed="124" covered="0"/><counter type="BRANCH" missed="12" covered="0"/><counter type="LINE" missed="14" covered="0"/><counter type="COMPLEXITY" missed="7" covered="0"/><counter type="METHOD" missed="1" covered="0"/></method><method name="secondPlayerTurnToMakeAMove" desc="(Ljava/util/Scanner;)V" line="931"><counter type="INSTRUCTION" missed="73" covered="0"/><counter type="BRANCH" missed="6" covered="0"/><counter type="LINE" missed="20" covered="0"/><counter type="COMPLEXITY" missed="4" covered="0"/><counter type="METHOD" missed="1" covered="0"/></method><method name="secondAiTurnToMakeAMove" desc="()V" line="964"><counter type="INSTRUCTION" missed="117" covered="6"/><counter type="BRANCH" missed="5" covered="1"/><counter type="LINE" missed="21" covered="4"/><counter type="COMPLEXITY" missed="3" covered="1"/><counter type="METHOD" missed="0" covered="1"/></method><method name="startGameTest" desc="(Ljava/util/Scanner;)V" line="1008"><counter type="INSTRUCTION" missed="93" covered="0"/><counter type="BRANCH" missed="14" covered="0"/><counter type="LINE" missed="41" covered="0"/><counter type="COMPLEXITY" missed="8" covered="0"/><counter type="METHOD" missed="1" covered="0"/></method><method name="changeTurn" desc="()Z" line="1096"><counter type="INSTRUCTION" missed="0" covered="10"/><counter type="BRANCH" missed="0" covered="2"/><counter type="LINE" missed="0" covered="1"/><counter type="COMPLEXITY" missed="0" covered="2"/><counter type="METHOD" missed="0" covered="1"/></method><method name="isGameOver" desc="()Z" line="1105"><counter type="INSTRUCTION" missed="0" covered="3"/><counter type="LINE" missed="0" covered="1"/><counter type="COMPLEXITY" missed="0" covered="1"/><counter type="METHOD" missed="0" covered="1"/></method><method name="isGameWon" desc="()Z" line="1113"><counter type="INSTRUCTION" missed="0" covered="3"/><counter type="LINE" missed="0" covered="1"/><counter type="COMPLEXITY" missed="0" covered="1"/><counter type="METHOD" missed="0" covered="1"/></method><method name="isGameLost" desc="()Z" line="1122"><counter type="INSTRUCTION" missed="0" covered="3"/><counter type="LINE" missed="0" covered="1"/><counter type="COMPLEXITY" missed="0" covered="1"/><counter type="METHOD" missed="0" covered="1"/></method><method name="getScore" desc="()I" line="1131"><counter type="INSTRUCTION" missed="0" covered="3"/><counter type="LINE" missed="0" covered="1"/><counter type="COMPLEXITY" missed="0" covered="1"/><counter type="METHOD" missed="0" covered="1"/></method><method name="getAiScore" desc="()I" line="1140"><counter type="INSTRUCTION" missed="0" covered="3"/><counter type="LINE" missed="0" covered="1"/><counter type="COMPLEXITY" missed="0" covered="1"/><counter type="METHOD" missed="0" covered="1"/></method><method name="getPlayerName" desc="()Ljava/lang/String;" line="1148"><counter type="INSTRUCTION" missed="0" covered="3"/><counter type="LINE" missed="0" covered="1"/><counter type="COMPLEXITY" missed="0" covered="1"/><counter type="METHOD" missed="0" covered="1"/></method><method name="getAiName" desc="()Ljava/lang/String;" line="1156"><counter type="INSTRUCTION" missed="0" covered="3"/><counter type="LINE" missed="0" covered="1"/><counter type="COMPLEXITY" missed="0" covered="1"/><counter type="METHOD" missed="0" covered="1"/></method><method name="setPlayerName" desc="(Ljava/lang/String;)V" line="1164"><counter type="INSTRUCTION" missed="0" covered="4"/><counter type="LINE" missed="0" covered="2"/><counter type="COMPLEXITY" missed="0" covered="1"/><counter type="METHOD" missed="0" covered="1"/></method><method name="shoot" desc="(II)Z" line="1177"><counter type="INSTRUCTION" missed="12" covered="25"/><counter type="BRANCH" missed="5" covered="5"/><counter type="LINE" missed="3" covered="5"/><counter type="COMPLEXITY" missed="5" covered="1"/><counter type="METHOD" missed="0" covered="1"/></method><method name="getX" desc="()I" line="1198"><counter type="INSTRUCTION" missed="0" covered="2"/><counter type="LINE" missed="0" covered="1"/><counter type="COMPLEXITY" missed="0" covered="1"/><counter type="METHOD" missed="0" covered="1"/></method><method name="setX" desc="(I)V" line="1206"><counter type="INSTRUCTION" missed="0" covered="3"/><counter type="LINE" missed="0" covered="2"/><counter type="COMPLEXITY" missed="0" covered="1"/><counter type="METHOD" missed="0" covered="1"/></method><method name="getY" desc="()I" line="1214"><counter type="INSTRUCTION" missed="0" covered="2"/><counter type="LINE" missed="0" covered="1"/><counter type="COMPLEXITY" missed="0" covered="1"/><counter type="METHOD" missed="0" covered="1"/></method><method name="setY" desc="(I)V" line="1222"><counter type="INSTRUCTION" missed="0" covered="3"/><counter type="LINE" missed="0" covered="2"/><counter type="COMPLEXITY" missed="0" covered="1"/><counter type="METHOD" missed="0" covered="1"/></method><method name="&lt;clinit&gt;" desc="()V" line="24"><counter type="INSTRUCTION" missed="0" covered="59"/><counter type="LINE" missed="0" covered="18"/><counter type="COMPLEXITY" missed="0" covered="1"/><counter type="METHOD" missed="0" covered="1"/></method><counter type="INSTRUCTION" missed="1563" covered="287"/><counter type="BRANCH" missed="169" covered="16"/><counter type="LINE" missed="433" covered="84"/><counter type="COMPLEXITY" missed="121" covered="24"/><counter type="METHOD" missed="29" covered="22"/><counter type="CLASS" missed="0" covered="1"/></class><class name="model/FieldTest" sourcefilename="FieldTest.java"><method name="&lt;init&gt;" desc="()V" line="18"><counter type="INSTRUCTION" missed="0" covered="3"/><counter type="LINE" missed="0" covered="2"/><counter type="COMPLEXITY" missed="0" covered="1"/><counter type="METHOD" missed="0" covered="1"/></method><method name="setUp" desc="()V" line="29"><counter type="INSTRUCTION" missed="0" covered="1"/><counter type="LINE" missed="0" covered="1"/><counter type="COMPLEXITY" missed="0" covered="1"/><counter type="METHOD" missed="0" covered="1"/></method><method name="tearDown" desc="()V" line="39"><counter type="INSTRUCTION" missed="0" covered="1"/><counter type="LINE" missed="0" covered="1"/><counter type="COMPLEXITY" missed="0" covered="1"/><counter type="METHOD" missed="0" covered="1"/></method><method name="testIsEmpty" desc="()V" line="44"><counter type="INSTRUCTION" missed="0" covered="15"/><counter type="LINE" missed="0" covered="4"/><counter type="COMPLEXITY" missed="0" covered="1"/><counter type="METHOD" missed="0" covered="1"/></method><method name="testIsNotEmpty" desc="()V" line="52"><counter type="INSTRUCTION" missed="0" covered="15"/><counter type="LINE" missed="0" covered="4"/><counter type="COMPLEXITY" missed="0" covered="1"/><counter type="METHOD" missed="0" covered="1"/></method><method name="testSetArrayFieldV2" desc="()V" line="60"><counter type="INSTRUCTION" missed="0" covered="19"/><counter type="LINE" missed="0" covered="4"/><counter type="COMPLEXITY" missed="0" covered="1"/><counter type="METHOD" missed="0" covered="1"/></method><method name="testGetArrayField" desc="()V" line="67"><counter type="INSTRUCTION" missed="0" covered="12"/><counter type="LINE" missed="0" covered="3"/><counter type="COMPLEXITY" missed="0" covered="1"/><counter type="METHOD" missed="0" covered="1"/></method><method name="testGetArrayFieldV2" desc="()V" line="73"><counter type="INSTRUCTION" missed="0" covered="19"/><counter type="LINE" missed="0" covered="4"/><counter type="COMPLEXITY" missed="0" covered="1"/><counter type="METHOD" missed="0" covered="1"/></method><method name="testSetCellValue" desc="()V" line="80"><counter type="INSTRUCTION" missed="0" covered="20"/><counter type="LINE" missed="0" covered="4"/><counter type="COMPLEXITY" missed="0" covered="1"/><counter type="METHOD" missed="0" covered="1"/></method><method name="testGetCellValue" desc="()V" line="87"><counter type="INSTRUCTION" missed="0" covered="20"/><counter type="LINE" missed="0" covered="4"/><counter type="COMPLEXITY" missed="0" covered="1"/><counter type="METHOD" missed="0" covered="1"/></method><method name="testIsFull" desc="()V" line="94"><counter type="INSTRUCTION" missed="0" covered="35"/><counter type="LINE" missed="0" covered="8"/><counter type="COMPLEXITY" missed="0" covered="1"/><counter type="METHOD" missed="0" covered="1"/></method><method name="testIsFullV2" desc="()V" line="105"><counter type="INSTRUCTION" missed="0" covered="37"/><counter type="LINE" missed="0" covered="8"/><counter type="COMPLEXITY" missed="0" covered="1"/><counter type="METHOD" missed="0" covered="1"/></method><method name="testIsEmptyV3" desc="()V" line="116"><counter type="INSTRUCTION" missed="0" covered="35"/><counter type="LINE" missed="0" covered="8"/><counter type="COMPLEXITY" missed="0" covered="1"/><counter type="METHOD" missed="0" covered="1"/></method><method name="testIsEmptyV2" desc="()V" line="128"><counter type="INSTRUCTION" missed="0" covered="15"/><counter type="LINE" missed="0" covered="4"/><counter type="COMPLEXITY" missed="0" covered="1"/><counter type="METHOD" missed="0" covered="1"/></method><method name="testIsValid" desc="()V" line="137"><counter type="INSTRUCTION" missed="0" covered="15"/><counter type="LINE" missed="0" covered="4"/><counter type="COMPLEXITY" missed="0" covered="1"/><counter type="METHOD" missed="0" covered="1"/></method><method name="testIsValidV2" desc="()V" line="145"><counter type="INSTRUCTION" missed="0" covered="15"/><counter type="LINE" missed="0" covered="4"/><counter type="COMPLEXITY" missed="0" covered="1"/><counter type="METHOD" missed="0" covered="1"/></method><method name="testIsValidV3" desc="()V" line="152"><counter type="INSTRUCTION" missed="0" covered="22"/><counter type="LINE" missed="0" covered="5"/><counter type="COMPLEXITY" missed="0" covered="1"/><counter type="METHOD" missed="0" covered="1"/></method><counter type="INSTRUCTION" missed="0" covered="299"/><counter type="LINE" missed="0" covered="72"/><counter type="COMPLEXITY" missed="0" covered="17"/><counter type="METHOD" missed="0" covered="17"/><counter type="CLASS" missed="0" covered="1"/></class><class name="model/TypeOfShip" sourcefilename="TypeOfShip.java"/><class name="model/Destroyer" sourcefilename="Destroyer.java"><method name="&lt;init&gt;" desc="(IIIZZZZ)V" line="20"><counter type="INSTRUCTION" missed="10" covered="0"/><counter type="LINE" missed="2" covered="0"/><counter type="COMPLEXITY" missed="1" covered="0"/><counter type="METHOD" missed="1" covered="0"/></method><method name="&lt;init&gt;" desc="(I)V" line="28"><counter type="INSTRUCTION" missed="0" covered="5"/><counter type="LINE" missed="0" covered="2"/><counter type="COMPLEXITY" missed="0" covered="1"/><counter type="METHOD" missed="0" covered="1"/></method><method name="getShipType" desc="()Ljava/lang/String;" line="36"><counter type="INSTRUCTION" missed="0" covered="2"/><counter type="LINE" missed="0" covered="1"/><counter type="COMPLEXITY" missed="0" covered="1"/><counter type="METHOD" missed="0" covered="1"/></method><counter type="INSTRUCTION" missed="10" covered="7"/><counter type="LINE" missed="2" covered="3"/><counter type="COMPLEXITY" missed="1" covered="2"/><counter type="METHOD" missed="1" covered="2"/><counter type="CLASS" missed="0" covered="1"/></class><class name="model/CoordinatesTest" sourcefilename="CoordinatesTest.java"><method name="&lt;init&gt;" desc="()V" line="19"><counter type="INSTRUCTION" missed="0" covered="3"/><counter type="LINE" missed="0" covered="2"/><counter type="COMPLEXITY" missed="0" covered="1"/><counter type="METHOD" missed="0" covered="1"/></method><method name="setUp" desc="()V" line="30"><counter type="INSTRUCTION" missed="0" covered="1"/><counter type="LINE" missed="0" covered="1"/><counter type="COMPLEXITY" missed="0" covered="1"/><counter type="METHOD" missed="0" covered="1"/></method><method name="tearDown" desc="()V" line="40"><counter type="INSTRUCTION" missed="0" covered="1"/><counter type="LINE" missed="0" covered="1"/><counter type="COMPLEXITY" missed="0" covered="1"/><counter type="METHOD" missed="0" covered="1"/></method><method name="testGetX" desc="()V" line="49"><counter type="INSTRUCTION" missed="0" covered="12"/><counter type="LINE" missed="0" covered="3"/><counter type="COMPLEXITY" missed="0" covered="1"/><counter type="METHOD" missed="0" covered="1"/></method><method name="testGetY" desc="()V" line="59"><counter type="INSTRUCTION" missed="0" covered="12"/><counter type="LINE" missed="0" covered="3"/><counter type="COMPLEXITY" missed="0" covered="1"/><counter type="METHOD" missed="0" covered="1"/></method><method name="testSetX" desc="()V" line="68"><counter type="INSTRUCTION" missed="0" covered="18"/><counter type="LINE" missed="0" covered="5"/><counter type="COMPLEXITY" missed="0" covered="1"/><counter type="METHOD" missed="0" covered="1"/></method><method name="testSetY" desc="()V" line="79"><counter type="INSTRUCTION" missed="0" covered="18"/><counter type="LINE" missed="0" covered="5"/><counter type="COMPLEXITY" missed="0" covered="1"/><counter type="METHOD" missed="0" covered="1"/></method><method name="testEquals" desc="()V" line="91"><counter type="INSTRUCTION" missed="0" covered="17"/><counter type="LINE" missed="0" covered="4"/><counter type="COMPLEXITY" missed="0" covered="1"/><counter type="METHOD" missed="0" covered="1"/></method><method name="testEquals1" desc="()V" line="102"><counter type="INSTRUCTION" missed="0" covered="17"/><counter type="LINE" missed="0" covered="4"/><counter type="COMPLEXITY" missed="0" covered="1"/><counter type="METHOD" missed="0" covered="1"/></method><method name="testReset" desc="()V" line="113"><counter type="INSTRUCTION" missed="0" covered="19"/><counter type="LINE" missed="0" covered="5"/><counter type="COMPLEXITY" missed="0" covered="1"/><counter type="METHOD" missed="0" covered="1"/></method><method name="testReset1" desc="()V" line="125"><counter type="INSTRUCTION" missed="0" covered="19"/><counter type="LINE" missed="0" covered="5"/><counter type="COMPLEXITY" missed="0" covered="1"/><counter type="METHOD" missed="0" covered="1"/></method><method name="testToString" desc="()V" line="137"><counter type="INSTRUCTION" missed="0" covered="11"/><counter type="LINE" missed="0" covered="3"/><counter type="COMPLEXITY" missed="0" covered="1"/><counter type="METHOD" missed="0" covered="1"/></method><counter type="INSTRUCTION" missed="0" covered="148"/><counter type="LINE" missed="0" covered="41"/><counter type="COMPLEXITY" missed="0" covered="12"/><counter type="METHOD" missed="0" covered="12"/><counter type="CLASS" missed="0" covered="1"/></class><class name="model/Cell" sourcefilename="Cell.java"><method name="&lt;init&gt;" desc="(I)V" line="10"><counter type="INSTRUCTION" missed="0" covered="21"/><counter type="LINE" missed="0" covered="8"/><counter type="COMPLEXITY" missed="0" covered="1"/><counter type="METHOD" missed="0" covered="1"/></method><method name="&lt;init&gt;" desc="()V" line="10"><counter type="INSTRUCTION" missed="0" covered="18"/><counter type="LINE" missed="0" covered="7"/><counter type="COMPLEXITY" missed="0" covered="1"/><counter type="METHOD" missed="0" covered="1"/></method><method name="getCellNumber" desc="()I" line="41"><counter type="INSTRUCTION" missed="0" covered="3"/><counter type="LINE" missed="0" covered="1"/><counter type="COMPLEXITY" missed="0" covered="1"/><counter type="METHOD" missed="0" covered="1"/></method><method name="isOccupied" desc="()Z" line="49"><counter type="INSTRUCTION" missed="0" covered="3"/><counter type="LINE" missed="0" covered="1"/><counter type="COMPLEXITY" missed="0" covered="1"/><counter type="METHOD" missed="0" covered="1"/></method><method name="setOccupied" desc="(Z)V" line="57"><counter type="INSTRUCTION" missed="0" covered="4"/><counter type="LINE" missed="0" covered="2"/><counter type="COMPLEXITY" missed="0" covered="1"/><counter type="METHOD" missed="0" covered="1"/></method><method name="isHit" desc="()Z" line="65"><counter type="INSTRUCTION" missed="0" covered="3"/><counter type="LINE" missed="0" covered="1"/><counter type="COMPLEXITY" missed="0" covered="1"/><counter type="METHOD" missed="0" covered="1"/></method><method name="setHit" desc="()V" line="72"><counter type="INSTRUCTION" missed="0" covered="8"/><counter type="LINE" missed="0" covered="3"/><counter type="COMPLEXITY" missed="0" covered="1"/><counter type="METHOD" missed="0" covered="1"/></method><method name="setMissed" desc="()V" line="80"><counter type="INSTRUCTION" missed="0" covered="8"/><counter type="LINE" missed="0" covered="3"/><counter type="COMPLEXITY" missed="0" covered="1"/><counter type="METHOD" missed="0" covered="1"/></method><method name="setSymbol" desc="(Ljava/lang/String;)V" line="89"><counter type="INSTRUCTION" missed="4" covered="0"/><counter type="LINE" missed="2" covered="0"/><counter type="COMPLEXITY" missed="1" covered="0"/><counter type="METHOD" missed="1" covered="0"/></method><method name="getSymbol" desc="()Ljava/lang/String;" line="97"><counter type="INSTRUCTION" missed="0" covered="3"/><counter type="LINE" missed="0" covered="1"/><counter type="COMPLEXITY" missed="0" covered="1"/><counter type="METHOD" missed="0" covered="1"/></method><method name="toString" desc="()Ljava/lang/String;" line="106"><counter type="INSTRUCTION" missed="3" covered="0"/><counter type="LINE" missed="1" covered="0"/><counter type="COMPLEXITY" missed="1" covered="0"/><counter type="METHOD" missed="1" covered="0"/></method><method name="isOccupiedByShip" desc="()Z" line="114"><counter type="INSTRUCTION" missed="0" covered="3"/><counter type="LINE" missed="0" covered="1"/><counter type="COMPLEXITY" missed="0" covered="1"/><counter type="METHOD" missed="0" covered="1"/></method><method name="setOccupiedByShip" desc="(Ljava/lang/String;)V" line="122"><counter type="INSTRUCTION" missed="7" covered="0"/><counter type="LINE" missed="3" covered="0"/><counter type="COMPLEXITY" missed="1" covered="0"/><counter type="METHOD" missed="1" covered="0"/></method><counter type="INSTRUCTION" missed="14" covered="74"/><counter type="LINE" missed="6" covered="23"/><counter type="COMPLEXITY" missed="3" covered="10"/><counter type="METHOD" missed="3" covered="10"/><counter type="CLASS" missed="0" covered="1"/></class><class name="model/DisplayFieldTest" sourcefilename="DisplayFieldTest.java"><method name="&lt;init&gt;" desc="()V" line="19"><counter type="INSTRUCTION" missed="0" covered="3"/><counter type="LINE" missed="0" covered="2"/><counter type="COMPLEXITY" missed="0" covered="1"/><counter type="METHOD" missed="0" covered="1"/></method><method name="setUp" desc="()V" line="30"><counter type="INSTRUCTION" missed="0" covered="1"/><counter type="LINE" missed="0" covered="1"/><counter type="COMPLEXITY" missed="0" covered="1"/><counter type="METHOD" missed="0" covered="1"/></method><method name="tearDown" desc="()V" line="40"><counter type="INSTRUCTION" missed="0" covered="1"/><counter type="LINE" missed="0" covered="1"/><counter type="COMPLEXITY" missed="0" covered="1"/><counter type="METHOD" missed="0" covered="1"/></method><method name="testDisplayField" desc="()V" line="45"><counter type="INSTRUCTION" missed="0" covered="23"/><counter type="LINE" missed="0" covered="6"/><counter type="COMPLEXITY" missed="0" covered="1"/><counter type="METHOD" missed="0" covered="1"/></method><counter type="INSTRUCTION" missed="0" covered="28"/><counter type="LINE" missed="0" covered="10"/><counter type="COMPLEXITY" missed="0" covered="4"/><counter type="METHOD" missed="0" covered="4"/><counter type="CLASS" missed="0" covered="1"/></class><class name="model/SubmarineTest" sourcefilename="SubmarineTest.java"><method name="&lt;init&gt;" desc="()V" line="23"><counter type="INSTRUCTION" missed="0" covered="3"/><counter type="LINE" missed="0" covered="2"/><counter type="COMPLEXITY" missed="0" covered="1"/><counter type="METHOD" missed="0" covered="1"/></method><method name="setUp" desc="()V" line="34"><counter type="INSTRUCTION" missed="0" covered="1"/><counter type="LINE" missed="0" covered="1"/><counter type="COMPLEXITY" missed="0" covered="1"/><counter type="METHOD" missed="0" covered="1"/></method><method name="tearDown" desc="()V" line="44"><counter type="INSTRUCTION" missed="0" covered="1"/><counter type="LINE" missed="0" covered="1"/><counter type="COMPLEXITY" missed="0" covered="1"/><counter type="METHOD" missed="0" covered="1"/></method><method name="testGetTypeSubMarine" desc="()V" line="49"><counter type="INSTRUCTION" missed="0" covered="10"/><counter type="LINE" missed="0" covered="3"/><counter type="COMPLEXITY" missed="0" covered="1"/><counter type="METHOD" missed="0" covered="1"/></method><counter type="INSTRUCTION" missed="0" covered="15"/><counter type="LINE" missed="0" covered="7"/><counter type="COMPLEXITY" missed="0" covered="4"/><counter type="METHOD" missed="0" covered="4"/><counter type="CLASS" missed="0" covered="1"/></class><class name="model/ShipType" sourcefilename="ShipType.java"><method name="&lt;init&gt;" desc="(Ljava/lang/String;II)V" line="16"><counter type="INSTRUCTION" missed="0" covered="8"/><counter type="LINE" missed="0" covered="3"/><counter type="COMPLEXITY" missed="0" covered="1"/><counter type="METHOD" missed="0" covered="1"/></method><method name="getLength" desc="()I" line="25"><counter type="INSTRUCTION" missed="3" covered="0"/><counter type="LINE" missed="1" covered="0"/><counter type="COMPLEXITY" missed="1" covered="0"/><counter type="METHOD" missed="1" covered="0"/></method><method name="getShipType" desc="(I)Lmodel/ShipType;" line="34"><counter type="INSTRUCTION" missed="14" covered="0"/><counter type="BRANCH" missed="6" covered="0"/><counter type="LINE" missed="7" covered="0"/><counter type="COMPLEXITY" missed="6" covered="0"/><counter type="METHOD" missed="1" covered="0"/></method><method name="getShipType" desc="()Lmodel/ShipType;" line="55"><counter type="INSTRUCTION" missed="2" covered="0"/><counter type="LINE" missed="1" covered="0"/><counter type="COMPLEXITY" missed="1" covered="0"/><counter type="METHOD" missed="1" covered="0"/></method><method name="&lt;clinit&gt;" desc="()V" line="7"><counter type="INSTRUCTION" missed="0" covered="38"/><counter type="LINE" missed="0" covered="6"/><counter type="COMPLEXITY" missed="0" covered="1"/><counter type="METHOD" missed="0" covered="1"/></method><counter type="INSTRUCTION" missed="19" covered="46"/><counter type="BRANCH" missed="6" covered="0"/><counter type="LINE" missed="9" covered="9"/><counter type="COMPLEXITY" missed="8" covered="2"/><counter type="METHOD" missed="3" covered="2"/><counter type="CLASS" missed="0" covered="1"/></class><class name="model/GameTest" sourcefilename="GameTest.java"><method name="&lt;init&gt;" desc="()V" line="23"><counter type="INSTRUCTION" missed="0" covered="3"/><counter type="LINE" missed="0" covered="2"/><counter type="COMPLEXITY" missed="0" covered="1"/><counter type="METHOD" missed="0" covered="1"/></method><method name="setUp" desc="()V" line="33"><counter type="INSTRUCTION" missed="0" covered="1"/><counter type="LINE" missed="0" covered="1"/><counter type="COMPLEXITY" missed="0" covered="1"/><counter type="METHOD" missed="0" covered="1"/></method><method name="tearDown" desc="()V" line="42"><counter type="INSTRUCTION" missed="0" covered="1"/><counter type="LINE" missed="0" covered="1"/><counter type="COMPLEXITY" missed="0" covered="1"/><counter type="METHOD" missed="0" covered="1"/></method><method name="testGame" desc="()V" line="46"><counter type="INSTRUCTION" missed="0" covered="7"/><counter type="LINE" missed="0" covered="3"/><counter type="COMPLEXITY" missed="0" covered="1"/><counter type="METHOD" missed="0" covered="1"/></method><method name="testIsGameOver" desc="()V" line="52"><counter type="INSTRUCTION" missed="0" covered="8"/><counter type="LINE" missed="0" covered="3"/><counter type="COMPLEXITY" missed="0" covered="1"/><counter type="METHOD" missed="0" covered="1"/></method><method name="testIsGameWon" desc="()V" line="58"><counter type="INSTRUCTION" missed="0" covered="8"/><counter type="LINE" missed="0" covered="3"/><counter type="COMPLEXITY" missed="0" covered="1"/><counter type="METHOD" missed="0" covered="1"/></method><method name="testIsGameLost" desc="()V" line="64"><counter type="INSTRUCTION" missed="0" covered="8"/><counter type="LINE" missed="0" covered="3"/><counter type="COMPLEXITY" missed="0" covered="1"/><counter type="METHOD" missed="0" covered="1"/></method><method name="testGameOver" desc="()V" line="70"><counter type="INSTRUCTION" missed="0" covered="19"/><counter type="LINE" missed="0" covered="5"/><counter type="COMPLEXITY" missed="0" covered="1"/><counter type="METHOD" missed="0" covered="1"/></method><method name="testGameOver1" desc="()V" line="79"><counter type="INSTRUCTION" missed="0" covered="25"/><counter type="LINE" missed="0" covered="6"/><counter type="COMPLEXITY" missed="0" covered="1"/><counter type="METHOD" missed="0" covered="1"/></method><method name="testGameNotOver" desc="()V" line="93"><counter type="INSTRUCTION" missed="0" covered="8"/><counter type="LINE" missed="0" covered="3"/><counter type="COMPLEXITY" missed="0" covered="1"/><counter type="METHOD" missed="0" covered="1"/></method><method name="testGameWon" desc="()V" line="99"><counter type="INSTRUCTION" missed="0" covered="8"/><counter type="LINE" missed="0" covered="3"/><counter type="COMPLEXITY" missed="0" covered="1"/><counter type="METHOD" missed="0" covered="1"/></method><method name="testGetScore" desc="()V" line="106"><counter type="INSTRUCTION" missed="0" covered="10"/><counter type="LINE" missed="0" covered="3"/><counter type="COMPLEXITY" missed="0" covered="1"/><counter type="METHOD" missed="0" covered="1"/></method><method name="testGetAiScore" desc="()V" line="112"><counter type="INSTRUCTION" missed="0" covered="10"/><counter type="LINE" missed="0" covered="3"/><counter type="COMPLEXITY" missed="0" covered="1"/><counter type="METHOD" missed="0" covered="1"/></method><method name="testGetPlayerName" desc="()V" line="120"><counter type="INSTRUCTION" missed="0" covered="8"/><counter type="LINE" missed="0" covered="3"/><counter type="COMPLEXITY" missed="0" covered="1"/><counter type="METHOD" missed="0" covered="1"/></method><method name="testGetAiName" desc="()V" line="126"><counter type="INSTRUCTION" missed="0" covered="9"/><counter type="LINE" missed="0" covered="3"/><counter type="COMPLEXITY" missed="0" covered="1"/><counter type="METHOD" missed="0" covered="1"/></method><method name="testGetPlayerNameNotNull" desc="()V" line="132"><counter type="INSTRUCTION" missed="0" covered="12"/><counter type="LINE" missed="0" covered="4"/><counter type="COMPLEXITY" missed="0" covered="1"/><counter type="METHOD" missed="0" covered="1"/></method><method name="testGetPlayerNameNotNullv2" desc="()V" line="139"><counter type="INSTRUCTION" missed="0" covered="12"/><counter type="LINE" missed="0" covered="4"/><counter type="COMPLEXITY" missed="0" covered="1"/><counter type="METHOD" missed="0" covered="1"/></method><method name="testChangeTurn" desc="()V" line="146"><counter type="INSTRUCTION" missed="0" covered="11"/><counter type="LINE" missed="0" covered="3"/><counter type="COMPLEXITY" missed="0" covered="1"/><counter type="METHOD" missed="0" covered="1"/></method><method name="testChangeTurnv2" desc="()V" line="152"><counter type="INSTRUCTION" missed="0" covered="14"/><counter type="LINE" missed="0" covered="4"/><counter type="COMPLEXITY" missed="0" covered="1"/><counter type="METHOD" missed="0" covered="1"/></method><method name="testAiTurnToMakeAMove" desc="()V" line="159"><counter type="INSTRUCTION" missed="0" covered="14"/><counter type="LINE" missed="0" covered="4"/><counter type="COMPLEXITY" missed="0" covered="1"/><counter type="METHOD" missed="0" covered="1"/></method><method name="testAiTurnToMakeAMovev2" desc="()V" line="166"><counter type="INSTRUCTION" missed="0" covered="17"/><counter type="LINE" missed="0" covered="5"/><counter type="COMPLEXITY" missed="0" covered="1"/><counter type="METHOD" missed="0" covered="1"/></method><method name="testAiTurnToMakeAMovev3" desc="()V" line="174"><counter type="INSTRUCTION" missed="0" covered="20"/><counter type="LINE" missed="0" covered="6"/><counter type="COMPLEXITY" missed="0" covered="1"/><counter type="METHOD" missed="0" covered="1"/></method><method name="testGetX" desc="()V" line="183"><counter type="INSTRUCTION" missed="0" covered="10"/><counter type="LINE" missed="0" covered="3"/><counter type="COMPLEXITY" missed="0" covered="1"/><counter type="METHOD" missed="0" covered="1"/></method><method name="testGetY" desc="()V" line="189"><counter type="INSTRUCTION" missed="0" covered="10"/><counter type="LINE" missed="0" covered="3"/><counter type="COMPLEXITY" missed="0" covered="1"/><counter type="METHOD" missed="0" covered="1"/></method><method name="testGetXv2" desc="()V" line="195"><counter type="INSTRUCTION" missed="0" covered="13"/><counter type="LINE" missed="0" covered="4"/><counter type="COMPLEXITY" missed="0" covered="1"/><counter type="METHOD" missed="0" covered="1"/></method><method name="testGetYv2" desc="()V" line="202"><counter type="INSTRUCTION" missed="0" covered="13"/><counter type="LINE" missed="0" covered="4"/><counter type="COMPLEXITY" missed="0" covered="1"/><counter type="METHOD" missed="0" covered="1"/></method><method name="testGetXv3" desc="()V" line="209"><counter type="INSTRUCTION" missed="0" covered="16"/><counter type="LINE" missed="0" covered="5"/><counter type="COMPLEXITY" missed="0" covered="1"/><counter type="METHOD" missed="0" covered="1"/></method><method name="updateGameDisplay" desc="()V" line="218"><counter type="INSTRUCTION" missed="0" covered="28"/><counter type="LINE" missed="0" covered="7"/><counter type="COMPLEXITY" missed="0" covered="1"/><counter type="METHOD" missed="0" covered="1"/></method><method name="testShipSizesHelpful" desc="()V" line="228"><counter type="INSTRUCTION" missed="0" covered="54"/><counter type="LINE" missed="0" covered="12"/><counter type="COMPLEXITY" missed="0" covered="1"/><counter type="METHOD" missed="0" covered="1"/></method><method name="testSetAiShips" desc="()V" line="283"><counter type="INSTRUCTION" missed="0" covered="12"/><counter type="LINE" missed="0" covered="4"/><counter type="COMPLEXITY" missed="0" covered="1"/><counter type="METHOD" missed="0" covered="1"/></method><method name="testSetSecondAiShips" desc="()V" line="290"><counter type="INSTRUCTION" missed="0" covered="12"/><counter type="LINE" missed="0" covered="4"/><counter type="COMPLEXITY" missed="0" covered="1"/><counter type="METHOD" missed="0" covered="1"/></method><method name="testSetThirdAiShips" desc="()V" line="297"><counter type="INSTRUCTION" missed="0" covered="12"/><counter type="LINE" missed="0" covered="4"/><counter type="COMPLEXITY" missed="0" covered="1"/><counter type="METHOD" missed="0" covered="1"/></method><method name="testStartGamePVSAI" desc="()V" line="306"><counter type="INSTRUCTION" missed="0" covered="1"/><counter type="LINE" missed="0" covered="1"/><counter type="COMPLEXITY" missed="0" covered="1"/><counter type="METHOD" missed="0" covered="1"/></method><method name="testcheckIfTheGameIsOverAIVAI" desc="()V" line="310"><counter type="INSTRUCTION" missed="0" covered="12"/><counter type="LINE" missed="0" covered="3"/><counter type="COMPLEXITY" missed="0" covered="1"/><counter type="METHOD" missed="0" covered="1"/></method><method name="testcheckIfTheGameIsOverAIVAIV2" desc="()V" line="316"><counter type="INSTRUCTION" missed="0" covered="16"/><counter type="LINE" missed="0" covered="4"/><counter type="COMPLEXITY" missed="0" covered="1"/><counter type="METHOD" missed="0" covered="1"/></method><method name="testcheckIfTheGameIsOverAIVAIV3" desc="()V" line="323"><counter type="INSTRUCTION" missed="10" covered="14"/><counter type="BRANCH" missed="3" covered="1"/><counter type="LINE" missed="2" covered="5"/><counter type="COMPLEXITY" missed="2" covered="1"/><counter type="METHOD" missed="0" covered="1"/></method><method name="testDeclareWinner" desc="()V" line="336"><counter type="INSTRUCTION" missed="5" covered="14"/><counter type="BRANCH" missed="1" covered="1"/><counter type="LINE" missed="1" covered="5"/><counter type="COMPLEXITY" missed="1" covered="1"/><counter type="METHOD" missed="0" covered="1"/></method><method name="getAiShipSymbol" desc="()V" line="347"><counter type="INSTRUCTION" missed="0" covered="10"/><counter type="LINE" missed="0" covered="4"/><counter type="COMPLEXITY" missed="0" covered="1"/><counter type="METHOD" missed="0" covered="1"/></method><method name="getAiShipSymbolv2" desc="()V" line="354"><counter type="INSTRUCTION" missed="0" covered="10"/><counter type="LINE" missed="0" covered="4"/><counter type="COMPLEXITY" missed="0" covered="1"/><counter type="METHOD" missed="0" covered="1"/></method><method name="getAiShipSymbolv3" desc="()V" line="361"><counter type="INSTRUCTION" missed="0" covered="9"/><counter type="LINE" missed="0" covered="4"/><counter type="COMPLEXITY" missed="0" covered="1"/><counter type="METHOD" missed="0" covered="1"/></method><method name="getPlayerShipSymbol" desc="()V" line="368"><counter type="INSTRUCTION" missed="0" covered="10"/><counter type="LINE" missed="0" covered="4"/><counter type="COMPLEXITY" missed="0" covered="1"/><counter type="METHOD" missed="0" covered="1"/></method><method name="getPlayerShipSymbolv2" desc="()V" line="375"><counter type="INSTRUCTION" missed="0" covered="10"/><counter type="LINE" missed="0" covered="4"/><counter type="COMPLEXITY" missed="0" covered="1"/><counter type="METHOD" missed="0" covered="1"/></method><method name="testSecondAiTurnToMakeAMove" desc="()V" line="382"><counter type="INSTRUCTION" missed="0" covered="29"/><counter type="LINE" missed="0" covered="8"/><counter type="COMPLEXITY" missed="0" covered="1"/><counter type="METHOD" missed="0" covered="1"/></method><counter type="INSTRUCTION" missed="15" covered="548"/><counter type="BRANCH" missed="4" covered="2"/><counter type="LINE" missed="3" covered="171"/><counter type="COMPLEXITY" missed="3" covered="43"/><counter type="METHOD" missed="0" covered="43"/><counter type="CLASS" missed="0" covered="1"/></class><class name="model/AiTest" sourcefilename="AiTest.java"><method name="&lt;init&gt;" desc="()V" line="20"><counter type="INSTRUCTION" missed="0" covered
[...]
" mb="0" cb="0"/><line nr="77" mi="3" ci="0" mb="0" cb="0"/><line nr="89" mi="2" ci="0" mb="0" cb="0"/><line nr="91" mi="4" ci="0" mb="0" cb="0"/><line nr="93" mi="4" ci="0" mb="0" cb="0"/><line nr="94" mi="2" ci="0" mb="0" cb="0"/><line nr="95" mi="3" ci="0" mb="0" cb="0"/><line nr="96" mi="1" ci="0" mb="0" cb="0"/><line nr="100" mi="2" ci="0" mb="0" cb="0"/><line nr="101" mi="1" ci="0" mb="0" cb="0"/><line nr="102" mi="1" ci="0" mb="0" cb="0"/><line nr="103" mi="1" ci="0" mb="0" cb="0"/><line nr="108" mi="2" ci="0" mb="0" cb="0"/><line nr="109" mi="5" ci="0" mb="0" cb="0"/><line nr="110" mi="4" ci="0" mb="0" cb="0"/><line nr="111" mi="4" ci="0" mb="0" cb="0"/><line nr="112" mi="7" ci="0" mb="2" cb="0"/><line nr="113" mi="7" ci="0" mb="2" cb="0"/><line nr="114" mi="9" ci="0" mb="0" cb="0"/><line nr="117" mi="5" ci="0" mb="0" cb="0"/><line nr="118" mi="5" ci="0" mb="0" cb="0"/><line nr="119" mi="8" ci="0" mb="0" cb="0"/><line nr="120" mi="3" ci="0" mb="0" cb="0"/><line nr="121" mi="3" ci="0" mb="0" cb="0"/><line nr="122" mi="3" ci="0" mb="0" cb="0"/><line nr="123" mi="3" ci="0" mb="0" cb="0"/><line nr="124" mi="3" ci="0" mb="0" cb="0"/><line nr="125" mi="7" ci="0" mb="0" cb="0"/><line nr="126" mi="2" ci="0" mb="0" cb="0"/><line nr="127" mi="2" ci="0" mb="0" cb="0"/><line nr="129" mi="4" ci="0" mb="0" cb="0"/><line nr="130" mi="9" ci="0" mb="0" cb="0"/><line nr="131" mi="7" ci="0" mb="2" cb="0"/><line nr="132" mi="7" ci="0" mb="2" cb="0"/><line nr="133" mi="5" ci="0" mb="0" cb="0"/><line nr="134" mi="5" ci="0" mb="0" cb="0"/><line nr="135" mi="6" ci="0" mb="0" cb="0"/><line nr="136" mi="6" ci="0" mb="0" cb="0"/><line nr="137" mi="7" ci="0" mb="0" cb="0"/><line nr="138" mi="7" ci="0" mb="0" cb="0"/><line nr="139" mi="7" ci="0" mb="0" cb="0"/><line nr="140" mi="16" ci="0" mb="0" cb="0"/><line nr="141" mi="11" ci="0" mb="0" cb="0"/><line nr="142" mi="7" ci="0" mb="0" cb="0"/><line nr="143" mi="7" ci="0" mb="0" cb="0"/><line nr="144" mi="7" ci="0" mb="0" cb="0"/><line nr="145" mi="7" ci="0" mb="0" cb="0"/><line nr="146" mi="12" ci="0" mb="0" cb="0"/><line nr="147" mi="7" ci="0" mb="0" cb="0"/><line nr="148" mi="7" ci="0" mb="0" cb="0"/><line nr="149" mi="8" ci="0" mb="0" cb="0"/><line nr="150" mi="20" ci="0" mb="0" cb="0"/><line nr="152" mi="4" ci="0" mb="0" cb="0"/><line nr="153" mi="9" ci="0" mb="2" cb="0"/><line nr="156" mi="2" ci="0" mb="0" cb="0"/><line nr="157" mi="3" ci="0" mb="0" cb="0"/><line nr="158" mi="3" ci="0" mb="2" cb="0"/><line nr="159" mi="3" ci="0" mb="0" cb="0"/><line nr="160" mi="4" ci="0" mb="0" cb="0"/><line nr="161" mi="2" ci="0" mb="0" cb="0"/><line nr="163" mi="6" ci="0" mb="2" cb="0"/><line nr="164" mi="4" ci="0" mb="0" cb="0"/><line nr="166" mi="1" ci="0" mb="0" cb="0"/><line nr="168" mi="8" ci="0" mb="0" cb="0"/><line nr="171" mi="3" ci="0" mb="0" cb="0"/><line nr="172" mi="4" ci="0" mb="0" cb="0"/><line nr="173" mi="3" ci="0" mb="0" cb="0"/><line nr="176" mi="4" ci="0" mb="0" cb="0"/><line nr="177" mi="8" ci="0" mb="0" cb="0"/><line nr="178" mi="3" ci="0" mb="0" cb="0"/><line nr="179" mi="3" ci="0" mb="0" cb="0"/><line nr="180" mi="3" ci="0" mb="0" cb="0"/><line nr="181" mi="7" ci="0" mb="0" cb="0"/><line nr="182" mi="3" ci="0" mb="0" cb="0"/><line nr="184" mi="4" ci="0" mb="0" cb="0"/><line nr="185" mi="3" ci="0" mb="0" cb="0"/><line nr="186" mi="3" ci="0" mb="0" cb="0"/><line nr="187" mi="8" ci="0" mb="0" cb="0"/><line nr="188" mi="3" ci="0" mb="0" cb="0"/><line nr="189" mi="7" ci="0" mb="0" cb="0"/><line nr="190" mi="3" ci="0" mb="0" cb="0"/><line nr="191" mi="3" ci="0" mb="0" cb="0"/><line nr="192" mi="2" ci="0" mb="0" cb="0"/><line nr="195" mi="4" ci="0" mb="0" cb="0"/><line nr="196" mi="1" ci="0" mb="0" cb="0"/><line nr="197" mi="5" ci="0" mb="0" cb="0"/><line nr="198" mi="1" ci="0" mb="0" cb="0"/><line nr="199" mi="7" ci="0" mb="2" cb="0"/><line nr="200" mi="7" ci="0" mb="2" cb="0"/><line nr="201" mi="4" ci="0" mb="0" cb="0"/><line nr="202" mi="6" ci="0" mb="0" cb="0"/><line nr="203" mi="6" ci="0" mb="0" cb="0"/><line nr="204" mi="3" ci="0" mb="0" cb="0"/><line nr="205" mi="7" ci="0" mb="0" cb="0"/><line nr="206" mi="7" ci="0" mb="0" cb="0"/><line nr="207" mi="20" ci="0" mb="0" cb="0"/><line nr="209" mi="4" ci="0" mb="0" cb="0"/><line nr="210" mi="9" ci="0" mb="2" cb="0"/><line nr="213" mi="2" ci="0" mb="0" cb="0"/><line nr="214" mi="3" ci="0" mb="0" cb="0"/><line nr="215" mi="3" ci="0" mb="2" cb="0"/><line nr="216" mi="3" ci="0" mb="0" cb="0"/><line nr="217" mi="4" ci="0" mb="0" cb="0"/><line nr="218" mi="2" ci="0" mb="0" cb="0"/><line nr="220" mi="6" ci="0" mb="2" cb="0"/><line nr="221" mi="4" ci="0" mb="0" cb="0"/><line nr="223" mi="1" ci="0" mb="0" cb="0"/><line nr="225" mi="8" ci="0" mb="0" cb="0"/><line nr="230" mi="3" ci="0" mb="0" cb="0"/><line nr="231" mi="4" ci="0" mb="0" cb="0"/><line nr="232" mi="3" ci="0" mb="0" cb="0"/><line nr="233" mi="3" ci="0" mb="0" cb="0"/><line nr="235" mi="4" ci="0" mb="0" cb="0"/><line nr="236" mi="5" ci="0" mb="0" cb="0"/><line nr="238" mi="8" ci="0" mb="0" cb="0"/><line nr="239" mi="3" ci="0" mb="0" cb="0"/><line nr="240" mi="3" ci="0" mb="0" cb="0"/><line nr="242" mi="5" ci="0" mb="0" cb="0"/><line nr="243" mi="8" ci="0" mb="0" cb="0"/><line nr="244" mi="3" ci="0" mb="0" cb="0"/><line nr="245" mi="3" ci="0" mb="0" cb="0"/><line nr="247" mi="5" ci="0" mb="0" cb="0"/><line nr="248" mi="8" ci="0" mb="0" cb="0"/><line nr="249" mi="3" ci="0" mb="0" cb="0"/><line nr="250" mi="3" ci="0" mb="0" cb="0"/><line nr="251" mi="16" ci="0" mb="0" cb="0"/><line nr="253" mi="4" ci="0" mb="0" cb="0"/><line nr="254" mi="4" ci="0" mb="0" cb="0"/><line nr="255" mi="1" ci="0" mb="0" cb="0"/><line nr="258" mi="4" ci="0" mb="0" cb="0"/><line nr="259" mi="4" ci="0" mb="0" cb="0"/><line nr="260" mi="1" ci="0" mb="0" cb="0"/><line nr="263" mi="5" ci="0" mb="0" cb="0"/><line nr="264" mi="8" ci="0" mb="0" cb="0"/><line nr="265" mi="3" ci="0" mb="0" cb="0"/><line nr="266" mi="3" ci="0" mb="0" cb="0"/><line nr="268" mi="5" ci="0" mb="0" cb="0"/><line nr="269" mi="8" ci="0" mb="0" cb="0"/><line nr="270" mi="3" ci="0" mb="0" cb="0"/><line nr="271" mi="3" ci="0" mb="0" cb="0"/><line nr="272" mi="16" ci="0" mb="0" cb="0"/><line nr="274" mi="4" ci="0" mb="0" cb="0"/><line nr="275" mi="4" ci="0" mb="0" cb="0"/><line nr="276" mi="1" ci="0" mb="0" cb="0"/><line nr="279" mi="4" ci="0" mb="0" cb="0"/><line nr="280" mi="4" ci="0" mb="0" cb="0"/><line nr="281" mi="1" ci="0" mb="0" cb="0"/><line nr="283" mi="4" ci="0" mb="0" cb="0"/><line nr="284" mi="4" ci="0" mb="0" cb="0"/><line nr="285" mi="4" ci="0" mb="0" cb="0"/><line nr="286" mi="4" ci="0" mb="0" cb="0"/><line nr="287" mi="4" ci="0" mb="0" cb="0"/><line nr="288" mi="3" ci="0" mb="0" cb="0"/><line nr="289" mi="7" ci="0" mb="0" cb="0"/><line nr="291" mi="4" ci="0" mb="0" cb="0"/><line nr="292" mi="3" ci="0" mb="0" cb="0"/><line nr="293" mi="8" ci="0" mb="0" cb="0"/><line nr="294" mi="3" ci="0" mb="0" cb="0"/><line nr="296" mi="5" ci="0" mb="0" cb="0"/><line nr="297" mi="8" ci="0" mb="0" cb="0"/><line nr="298" mi="3" ci="0" mb="0" cb="0"/><line nr="299" mi="3" ci="0" mb="0" cb="0"/><line nr="300" mi="3" ci="0" mb="0" cb="0"/><line nr="301" mi="7" ci="0" mb="0" cb="0"/><line nr="302" mi="3" ci="0" mb="0" cb="0"/><line nr="303" mi="4" ci="0" mb="0" cb="0"/><line nr="306" mi="4" ci="0" mb="0" cb="0"/><line nr="308" mi="4" ci="0" mb="0" cb="0"/><line nr="309" mi="5" ci="0" mb="0" cb="0"/><line nr="310" mi="7" ci="0" mb="0" cb="0"/><line nr="311" mi="3" ci="0" mb="0" cb="0"/><line nr="312" mi="3" ci="0" mb="0" cb="0"/><line nr="315" mi="4" ci="0" mb="0" cb="0"/><line nr="316" mi="4" ci="0" mb="0" cb="0"/><line nr="319" mi="7" ci="0" mb="0" cb="0"/><line nr="320" mi="7" ci="0" mb="0" cb="0"/><line nr="322" mi="4" ci="0" mb="0" cb="0"/><line nr="323" mi="4" ci="0" mb="0" cb="0"/><line nr="324" mi="4" ci="0" mb="0" cb="0"/><line nr="325" mi="4" ci="0" mb="0" cb="0"/><line nr="326" mi="4" ci="0" mb="0" cb="0"/><line nr="327" mi="2" ci="0" mb="0" cb="0"/><line nr="328" mi="7" ci="0" mb="0" cb="0"/><line nr="329" mi="3" ci="0" mb="0" cb="0"/><line nr="332" mi="3" ci="0" mb="0" cb="0"/><line nr="333" mi="2" ci="0" mb="0" cb="0"/><line nr="334" mi="2" ci="0" mb="0" cb="0"/><line nr="335" mi="10" ci="0" mb="0" cb="0"/><line nr="338" mi="1" ci="0" mb="0" cb="0"/><line nr="339" mi="1" ci="0" mb="0" cb="0"/><line nr="341" mi="16" ci="0" mb="0" cb="0"/><line nr="348" mi="4" ci="0" mb="0" cb="0"/><line nr="349" mi="4" ci="0" mb="0" cb="0"/><line nr="350" mi="1" ci="0" mb="0" cb="0"/><line nr="358" mi="4" ci="0" mb="0" cb="0"/><line nr="359" mi="4" ci="0" mb="0" cb="0"/><line nr="360" mi="1" ci="0" mb="0" cb="0"/><line nr="363" mi="6" ci="0" mb="0" cb="0"/><line nr="365" mi="4" ci="0" mb="0" cb="0"/><line nr="366" mi="5" ci="0" mb="0" cb="0"/><line nr="368" mi="4" ci="0" mb="0" cb="0"/><line nr="369" mi="3" ci="0" mb="0" cb="0"/><line nr="370" mi="7" ci="0" mb="0" cb="0"/><line nr="371" mi="8" ci="0" mb="0" cb="0"/><line nr="372" mi="3" ci="0" mb="0" cb="0"/><line nr="373" mi="7" ci="0" mb="0" cb="0"/><line nr="376" mi="5" ci="0" mb="0" cb="0"/><line nr="389" mi="8" ci="0" mb="0" cb="0"/><line nr="390" mi="3" ci="0" mb="0" cb="0"/><line nr="391" mi="3" ci="0" mb="0" cb="0"/><line nr="393" mi="5" ci="0" mb="0" cb="0"/><line nr="394" mi="7" ci="0" mb="0" cb="0"/><line nr="395" mi="16" ci="0" mb="0" cb="0"/><line nr="397" mi="4" ci="0" mb="0" cb="0"/><line nr="398" mi="4" ci="0" mb="0" cb="0"/><line nr="399" mi="1" ci="0" mb="0" cb="0"/><line nr="402" mi="4" ci="0" mb="0" cb="0"/><line nr="403" mi="4" ci="0" mb="0" cb="0"/><line nr="404" mi="1" ci="0" mb="0" cb="0"/><line nr="408" mi="7" ci="0" mb="0" cb="0"/><line nr="410" mi="8" ci="0" mb="0" cb="0"/><line nr="412" mi="3" ci="0" mb="0" cb="0"/><line nr="414" mi="3" ci="0" mb="0" cb="0"/><line nr="417" mi="4" ci="0" mb="0" cb="0"/><line nr="418" mi="4" ci="0" mb="0" cb="0"/><line nr="419" mi="4" ci="0" mb="0" cb="0"/><line nr="420" mi="3" ci="0" mb="0" cb="0"/><line nr="421" mi="2" ci="0" mb="0" cb="0"/><line nr="422" mi="7" ci="0" mb="0" cb="0"/><line nr="423" mi="3" ci="0" mb="0" cb="0"/><line nr="424" mi="1" ci="0" mb="0" cb="0"/><line nr="428" mi="3" ci="0" mb="0" cb="0"/><line nr="431" mi="1" ci="0" mb="0" cb="0"/><line nr="433" mi="4" ci="0" mb="0" cb="0"/><line nr="434" mi="4" ci="0" mb="0" cb="0"/><line nr="437" mi="1" ci="0" mb="0" cb="0"/><line nr="439" mi="1" ci="0" mb="0" cb="0"/><line nr="447" mi="12" ci="0" mb="0" cb="0"/><line nr="450" mi="3" ci="0" mb="0" cb="0"/><line nr="451" mi="4" ci="0" mb="2" cb="0"/><line nr="454" mi="2" ci="0" mb="0" cb="0"/><line nr="455" mi="4" ci="0" mb="2" cb="0"/><line nr="458" mi="1" ci="0" mb="0" cb="0"/><line nr="460" mi="1" ci="0" mb="0" cb="0"/><line nr="463" mi="16" ci="0" mb="0" cb="0"/><line nr="465" mi="4" ci="0" mb="0" cb="0"/><line nr="466" mi="4" ci="0" mb="0" cb="0"/><line nr="467" mi="1" ci="0" mb="0" cb="0"/><line nr="470" mi="4" ci="0" mb="0" cb="0"/><line nr="471" mi="4" ci="0" mb="0" cb="0"/><line nr="472" mi="1" ci="0" mb="0" cb="0"/><line nr="474" mi="1" ci="0" mb="0" cb="0"/><line nr="475" mi="3" ci="0" mb="0" cb="0"/><line nr="476" mi="5" ci="0" mb="2" cb="0"/><line nr="477" mi="5" ci="0" mb="2" cb="0"/><line nr="478" mi="2" ci="0" mb="0" cb="0"/><line nr="482" mi="4" ci="0" mb="0" cb="0"/><line nr="483" mi="4" ci="0" mb="0" cb="0"/><line nr="485" mi="4" ci="0" mb="0" cb="0"/><line nr="487" mi="10" ci="0" mb="0" cb="0"/><line nr="491" mi="4" ci="0" mb="2" cb="0"/><line nr="492" mi="2" ci="0" mb="0" cb="0"/><line nr="496" mi="3" ci="0" mb="0" cb="0"/><line nr="497" mi="4" ci="0" mb="2" cb="0"/><line nr="498" mi="4" ci="0" mb="0" cb="0"/><line nr="500" mi="8" ci="0" mb="2" cb="0"/><line nr="501" mi="4" ci="0" mb="0" cb="0"/><line nr="502" mi="4" ci="0" mb="0" cb="0"/><line nr="503" mi="8" ci="0" mb="2" cb="0"/><line nr="504" mi="4" ci="0" mb="0" cb="0"/><line nr="505" mi="4" ci="0" mb="0" cb="0"/><line nr="507" mi="8" ci="0" mb="2" cb="0"/><line nr="508" mi="4" ci="0" mb="0" cb="0"/><line nr="509" mi="4" ci="0" mb="0" cb="0"/><line nr="510" mi="8" ci="0" mb="2" cb="0"/><line nr="511" mi="4" ci="0" mb="0" cb="0"/><line nr="512" mi="4" ci="0" mb="0" cb="0"/><line nr="513" mi="8" ci="0" mb="2" cb="0"/><line nr="514" mi="4" ci="0" mb="0" cb="0"/><line nr="515" mi="3" ci="0" mb="0" cb="0"/><line nr="518" mi="4" ci="0" mb="0" cb="0"/><line nr="520" mi="3" ci="0" mb="2" cb="0"/><line nr="521" mi="3" ci="0" mb="0" cb="0"/><line nr="522" mi="2" ci="0" mb="0" cb="0"/><line nr="524" mi="2" ci="0" mb="0" cb="0"/><line nr="528" mi="3" ci="0" mb="0" cb="0"/><line nr="529" mi="4" ci="0" mb="2" cb="0"/><line nr="530" mi="4" ci="0" mb="0" cb="0"/><line nr="532" mi="8" ci="0" mb="2" cb="0"/><line nr="533" mi="4" ci="0" mb="0" cb="0"/><line nr="534" mi="4" ci="0" mb="0" cb="0"/><line nr="535" mi="8" ci="0" mb="2" cb="0"/><line nr="536" mi="4" ci="0" mb="0" cb="0"/><line nr="537" mi="4" ci="0" mb="0" cb="0"/><line nr="539" mi="8" ci="0" mb="2" cb="0"/><line nr="540" mi="4" ci="0" mb="0" cb="0"/><line nr="541" mi="4" ci="0" mb="0" cb="0"/><line nr="542" mi="8" ci="0" mb="2" cb="0"/><line nr="543" mi="4" ci="0" mb="0" cb="0"/><line nr="544" mi="4" ci="0" mb="0" cb="0"/><line nr="545" mi="8" ci="0" mb="2" cb="0"/><line nr="546" mi="4" ci="0" mb="0" cb="0"/><line nr="547" mi="3" ci="0" mb="0" cb="0"/><line nr="550" mi="4" ci="0" mb="0" cb="0"/><line nr="552" mi="3" ci="0" mb="2" cb="0"/><line nr="553" mi="3" ci="0" mb="0" cb="0"/><line nr="554" mi="3" ci="0" mb="0" cb="0"/><line nr="558" mi="4" ci="0" mb="0" cb="0"/><line nr="562" mi="1" ci="0" mb="0" cb="0"/><line nr="563" mi="2" ci="0" mb="0" cb="0"/><line nr="564" mi="1" ci="0" mb="0" cb="0"/><line nr="570" mi="4" ci="0" mb="0" cb="0"/><line nr="571" mi="4" ci="0" mb="0" cb="0"/><line nr="573" mi="3" ci="0" mb="0" cb="0"/><line nr="574" mi="1" ci="0" mb="0" cb="0"/><line nr="582" mi="3" ci="0" mb="2" cb="0"/><line nr="584" mi="6" ci="0" mb="0" cb="0"/><line nr="585" mi="2" ci="0" mb="2" cb="0"/><line nr="603" mi="3" ci="0" mb="0" cb="0"/><line nr="606" mi="3" ci="0" mb="0" cb="0"/><line nr="608" mi="4" ci="0" mb="2" cb="0"/><line nr="609" mi="2" ci="0" mb="0" cb="0"/><line nr="611" mi="1" ci="0" mb="0" cb="0"/><line nr="619" mi="1" ci="0" mb="0" cb="0"/><line nr="620" mi="7" ci="0" mb="2" cb="0"/><line nr="621" mi="7" ci="0" mb="2" cb="0"/><line nr="623" mi="9" ci="0" mb="0" cb="0"/><line nr="624" mi="7" ci="0" mb="2" cb="0"/><line nr="625" mi="7" ci="0" mb="0" cb="0"/><line nr="626" mi="7" ci="0" mb="0" cb="0"/><line nr="630" mi="2" ci="0" mb="0" cb="0"/><line nr="631" mi="10" ci="0" mb="0" cb="0"/><line nr="632" mi="2" ci="0" mb="0" cb="0"/><line nr="633" mi="2" ci="0" mb="0" cb="0"/><line nr="634" mi="1" ci="0" mb="0" cb="0"/><line nr="643" mi="3" ci="0" mb="2" cb="0"/><line nr="644" mi="6" ci="0" mb="0" cb="0"/><line nr="645" mi="2" ci="0" mb="2" cb="0"/><line nr="647" mi="3" ci="0" mb="0" cb="0"/><line nr="648" mi="3" ci="0" mb="2" cb="0"/><line nr="652" mi="1" ci="0" mb="0" cb="0"/><line nr="661" mi="4" ci="0" mb="0" cb="0"/><line nr="662" mi="15" ci="0" mb="0" cb="0"/><line nr="663" mi="3" ci="0" mb="0" cb="0"/><line nr="664" mi="1" ci="0" mb="0" cb="0"/><line nr="673" mi="4" ci="0" mb="0" cb="0"/><line nr="674" mi="3" ci="0" mb="0" cb="0"/><line nr="675" mi="5" ci="0" mb="0" cb="0"/><line nr="676" mi="7" ci="0" mb="0" cb="0"/><line nr="677" mi="12" ci="0" mb="0" cb="0"/><line nr="679" mi="4" ci="0" mb="0" cb="0"/><line nr="680" mi="6" ci="0" mb="0" cb="0"/><line nr="681" mi="8" ci="0" mb="0" cb="0"/><line nr="682" mi="4" ci="0" mb="0" cb="0"/><line nr="683" mi="1" ci="0" mb="0" cb="0"/><line nr="686" mi="2" ci="0" mb="0" cb="0"/><line nr="696" mi="2" ci="0" mb="0" cb="0"/><line nr="697" mi="8" ci="0" mb="0" cb="0"/><line nr="698" mi="7" ci="0" mb="0" cb="0"/><line nr="699" mi="7" ci="0" mb="0" cb="0"/><line nr="700" mi="4" ci="0" mb="0" cb="0"/><line nr="701" mi="1" ci="0" mb="0" cb="0"/><line nr="710" mi="2" ci="0" mb="0" cb="0"/><line nr="711" mi="8" ci="0" mb="0" cb="0"/><line nr="712" mi="7" ci="0" mb="0" cb="0"/><line nr="713" mi="7" ci="0" mb="0" cb="0"/><line nr="714" mi="4" ci="0" mb="0" cb="0"/><line nr="715" mi="1" ci="0" mb="0" cb="0"/><line nr="724" mi="7" ci="0" mb="4" cb="0"/><line nr="725" mi="3" ci="0" mb="0" cb="0"/><line nr="726" mi="2" ci="0" mb="0" cb="0"/><line nr="727" mi="7" ci="0" mb="4" cb="0"/><line nr="728" mi="3" ci="0" mb="0" cb="0"/><line nr="729" mi="2" ci="0" mb="0" cb="0"/><line nr="731" mi="2" ci="0" mb="0" cb="0"/><line nr="745" mi="2" ci="0" mb="0" cb="0"/><line nr="747" mi="8" ci="0" mb="2" cb="0"/><line nr="748" mi="2" ci="0" mb="0" cb="0"/><line nr="750" mi="13" ci="0" mb="2" cb="0"/><line nr="751" mi="11" ci="0" mb="0" cb="0"/><line nr="752" mi="13" ci="0" mb="0" cb="0"/><line nr="754" mi="7" ci="0" mb="2" cb="0"/><line nr="755" mi="1" ci="0" mb="0" cb="0"/><line nr="758" mi="13" ci="0" mb="5" cb="0"/><line nr="760" mi="3" ci="0" mb="2" cb="0"/><line nr="761" mi="2" ci="0" mb="0" cb="0"/><line nr="763" mi="2" ci="0" mb="0" cb="0"/><line nr="766" mi="3" ci="0" mb="2" cb="0"/><line nr="767" mi="2" ci="0" mb="0" cb="0"/><line nr="769" mi="2" ci="0" mb="0" cb="0"/><line nr="773" mi="3" ci="0" mb="2" cb="0"/><line nr="774" mi="2" ci="0" mb="0" cb="0"/><line nr="776" mi="2" ci="0" mb="0" cb="0"/><line nr="779" mi="3" ci="0" mb="2" cb="0"/><line nr="780" mi="2" ci="0" mb="0" cb="0"/><line nr="782" mi="2" ci="0" mb="0" cb="0"/><line nr="785" mi="2" ci="0" mb="0" cb="0"/><line nr="797" mi="3" ci="0" mb="0" cb="0"/><line nr="798" mi="4" ci="0" mb="2" cb="0"/><line nr="799" mi="4" ci="0" mb="0" cb="0"/><line nr="801" mi="8" ci="0" mb="2" cb="0"/><line nr="802" mi="4" ci="0" mb="0" cb="0"/><line nr="803" mi="4" ci="0" mb="0" cb="0"/><line nr="804" mi="8" ci="0" mb="2" cb="0"/><line nr="805" mi="4" ci="0" mb="0" cb="0"/><line nr="806" mi="4" ci="0" mb="0" cb="0"/><line nr="808" mi="8" ci="0" mb="2" cb="0"/><line nr="809" mi="4" ci="0" mb="0" cb="0"/><line nr="810" mi="4" ci="0" mb="0" cb="0"/><line nr="811" mi="8" ci="0" mb="2" cb="0"/><line nr="812" mi="4" ci="0" mb="0" cb="0"/><line nr="813" mi="4" ci="0" mb="0" cb="0"/><line nr="814" mi="8" ci="0" mb="2" cb="0"/><line nr="815" mi="4" ci="0" mb="0" cb="0"/><line nr="816" mi="3" ci="0" mb="0" cb="0"/><line nr="819" mi="1" ci="0" mb="0" cb="0"/><line nr="825" mi="3" ci="0" mb="2" cb="0"/><line nr="826" mi="4" ci="0" mb="0" cb="0"/><line nr="828" mi="3" ci="0" mb="2" cb="0"/><line nr="829" mi="4" ci="0" mb="0" cb="0"/><line nr="833" mi="3" ci="0" mb="0" cb="0"/><line nr="835" mi="1" ci="0" mb="0" cb="0"/><counter type="INSTRUCTION" missed="1940" covered="0"/><counter type="BRANCH" missed="123" covered="0"/><counter type="LINE" missed="428" covered="0"/><counter type="COMPLEXITY" missed="108" covered="0"/><counter type="METHOD" missed="45" covered="0"/><counter type="CLASS" missed="10" covered="0"/></sourcefile><sourcefile name="Button.java"><line nr="21" mi="2" ci="0" mb="0" cb="0"/><line nr="22" mi="3" ci="0" mb="0" cb="0"/><line nr="23" mi="3" ci="0" mb="0" cb="0"/><line nr="24" mi="1" ci="0" mb="0" cb="0"/><line nr="31" mi="13" ci="0" mb="0" cb="0"/><counter type="INSTRUCTION" missed="22" covered="0"/><counter type="LINE" missed="5" covered="0"/><counter type="COMPLEXITY" missed="2" covered="0"/><counter type="METHOD" missed="2" covered="0"/><counter type="CLASS" missed="1" covered="0"/></sourcefile><counter type="INSTRUCTION" missed="2269" covered="0"/><counter type="BRANCH" missed="125" covered="0"/><counter type="LINE" missed="507" covered="0"/><counter type="COMPLEXITY" missed="123" covered="0"/><counter type="METHOD" missed="59" covered="0"/><counter type="CLASS" missed="16" covered="0"/></package><counter type="INSTRUCTION" missed="5810" covered="3956"/><counter type="BRANCH" missed="567" covered="135"/><counter type="LINE" missed="1500" covered="1067"/><counter type="COMPLEXITY" missed="470" covered="363"/><counter type="METHOD" missed="153" covered="324"/><counter type="CLASS" missed="22" covered="29"/></report>